2026-01-26 00:53:36 | INFO     | LOGIN | SUCCESS | metalvader
2026-01-26 00:55:18 | INFO     | LOGIN | SUCCESS | metalvader
2026-01-26 01:02:19 | INFO     | RESOURCES | wood=5101245 clay=5076242 iron=5077412 crop=6235283
2026-01-26 01:02:19 | INFO     | PRODUCTION | wood=1610000/h clay=1440000/h iron=1440000/h crop=2439896/h
2026-01-26 01:03:46 | INFO     | LOGIN | SUCCESS | metalvader
2026-01-26 01:08:32 | INFO     | LOGIN | SUCCESS | metalvader
2026-01-26 01:13:06 | ERROR    | ERROR | main_menu | HTTPConnectionPool(host='localhost', port=46051): Max retries exceeded with url: /session/9b5ec508-d24f-4d62-bbe1-d0ad838f6611/url (Caused by NewConnectionError("HTTPConnection(host='localhost', port=46051): Failed to establish a new connection: [Errno 111] Connection refused"))
2026-01-26 01:13:32 | INFO     | LOGIN | SUCCESS | metalvader
2026-01-26 01:14:32 | INFO     | LOGIN | SUCCESS | metalvader
2026-01-26 01:25:19 | ERROR    | ERROR | main_menu | HTTPConnectionPool(host='localhost', port=46115): Max retries exceeded with url: /session/643528fc-454b-4d2b-aa50-23ff8b7afce5/url (Caused by NewConnectionError("HTTPConnection(host='localhost', port=46115): Failed to establish a new connection: [Errno 111] Connection refused"))
2026-01-26 01:25:53 | INFO     | LOGIN | SUCCESS | metalvader
2026-01-26 01:33:38 | INFO     | RESOURCES | wood=7204686 clay=4304945 iron=6858535 crop=10445053
2026-01-26 01:33:38 | INFO     | PRODUCTION | wood=21620000/h clay=9320000/h iron=12570000/h crop=22259556/h
2026-01-26 01:33:42 | INFO     | CYCLE | #1 | Actions: status_update, upgrade
2026-01-26 01:34:50 | ERROR    | ERROR | main_menu | HTTPConnectionPool(host='localhost', port=46925): Max retries exceeded with url: /session/f6e5fb54-0738-421e-8d5b-4a0fdc3cc214/url (Caused by NewConnectionError("HTTPConnection(host='localhost', port=46925): Failed to establish a new connection: [Errno 111] Connection refused"))
2026-01-26 01:36:12 | INFO     | LOGIN | SUCCESS | metalvader
2026-01-26 01:55:16 | INFO     | LOGIN | SUCCESS | metalvader
2026-01-26 02:35:20 | INFO     | LOGIN | SUCCESS | metalvader
2026-01-26 02:48:06 | ERROR    | ERROR | main_menu | HTTPConnectionPool(host='localhost', port=46911): Read timed out. (read timeout=120)
2026-01-26 02:51:24 | INFO     | LOGIN | SUCCESS | metalvader
2026-01-26 12:50:20 | ERROR    | ERROR | main_menu | Message: Reached error page: about:neterror?e=dnsNotFound&u=https%3A//ts1.travian-speed.com/build.php%3Fid%3D9&c=UTF-8&d=We%20can%E2%80%99t%20connect%20to%20the%20server%20at%20ts1.travian-speed.com.
Stacktrace:
RemoteError@chrome://remote/content/shared/RemoteError.sys.mjs:8:8
WebDriverError@chrome://remote/content/shared/webdriver/Errors.sys.mjs:199:5
UnknownError@chrome://remote/content/shared/webdriver/Errors.sys.mjs:910:5
checkReadyState@chrome://remote/content/marionette/navigate.sys.mjs:58:24
onNavigation@chrome://remote/content/marionette/navigate.sys.mjs:347:39
emit@resource://gre/modules/EventEmitter.sys.mjs:156:19
receiveMessage@chrome://remote/content/marionette/actors/MarionetteEventsParent.sys.mjs:33:25

2026-01-26 12:51:03 | ERROR    | ERROR | initialization | Could not reach host. Are you offline?
2026-01-26 12:53:49 | INFO     | LOGIN | SUCCESS | metalvader
2026-01-26 13:21:01 | INFO     | LOGIN | SUCCESS | metalvader
2026-01-26 13:27:28 | ERROR    | ERROR | main_menu | HTTPConnectionPool(host='localhost', port=45337): Max retries exceeded with url: /session/aaa2680d-019c-4540-9548-e58ee0a1617e/window (Caused by NewConnectionError("HTTPConnection(host='localhost', port=45337): Failed to establish a new connection: [Errno 111] Connection refused"))
2026-01-26 13:29:40 | INFO     | LOGIN | SUCCESS | metalvader
2026-01-26 13:42:40 | INFO     | LOGIN | SUCCESS | metalvader
2026-01-26 19:02:57 | INFO     | LOGIN | SUCCESS | metalvader
2026-01-26 19:20:45 | INFO     | LOGIN | SUCCESS | metalvader
2026-01-26 19:27:21 | INFO     | LOGIN | SUCCESS | metalvader
2026-01-26 19:33:09 | INFO     | LOGIN | SUCCESS | metalvader
2026-01-26 19:37:07 | INFO     | LOGIN | SUCCESS | metalvader
2026-01-26 19:46:00 | INFO     | LOGIN | SUCCESS | metalvader
2026-01-26 19:58:01 | INFO     | LOGIN | SUCCESS | metalvader
2026-01-26 20:06:25 | INFO     | LOGIN | SUCCESS | metalvader
2026-01-26 20:14:21 | ERROR    | ERROR | main_menu | HTTPConnectionPool(host='localhost', port=46443): Max retries exceeded with url: /session/86871240-51a6-41de-adb2-394359e62354/window (Caused by NewConnectionError("HTTPConnection(host='localhost', port=46443): Failed to establish a new connection: [Errno 111] Connection refused"))
2026-01-26 20:14:48 | INFO     | LOGIN | SUCCESS | metalvader
2026-01-26 20:17:23 | INFO     | LOGIN | SUCCESS | metalvader
2026-01-26 20:20:15 | INFO     | LOGIN | SUCCESS | metalvader
2026-01-26 21:42:41 | ERROR    | ERROR | initialization | Could not reach host. Are you offline?
2026-01-26 21:44:19 | INFO     | LOGIN | SUCCESS | metalvader
2026-01-26 21:48:47 | INFO     | LOGIN | SUCCESS | metalvader
2026-01-26 23:34:32 | ERROR    | ERROR | initialization | Could not reach host. Are you offline?
2026-01-26 23:35:36 | INFO     | LOGIN | SUCCESS | metalvader
2026-01-26 23:49:40 | INFO     | LOGIN | SUCCESS | metalvader
