2026-01-28 00:06:48 | ERROR    | ERROR | initialization | [Errno 26] Text file busy: '/root/.wdm/drivers/geckodriver/linux64/v0.36.0/geckodriver'
2026-01-28 00:07:00 | ERROR    | ERROR | initialization | [Errno 26] Text file busy: '/root/.wdm/drivers/geckodriver/linux64/v0.36.0/geckodriver'
2026-01-28 00:07:09 | ERROR    | ERROR | initialization | [Errno 26] Text file busy: '/root/.wdm/drivers/geckodriver/linux64/v0.36.0/geckodriver'
2026-01-28 00:07:20 | ERROR    | ERROR | initialization | [Errno 26] Text file busy: '/root/.wdm/drivers/geckodriver/linux64/v0.36.0/geckodriver'
2026-01-28 00:07:23 | ERROR    | ERROR | initialization | [Errno 26] Text file busy: '/root/.wdm/drivers/geckodriver/linux64/v0.36.0/geckodriver'
2026-01-28 00:07:26 | ERROR    | ERROR | initialization | [Errno 26] Text file busy: '/root/.wdm/drivers/geckodriver/linux64/v0.36.0/geckodriver'
2026-01-28 00:07:30 | ERROR    | ERROR | initialization | [Errno 26] Text file busy: '/root/.wdm/drivers/geckodriver/linux64/v0.36.0/geckodriver'
2026-01-28 00:07:33 | ERROR    | ERROR | initialization | [Errno 26] Text file busy: '/root/.wdm/drivers/geckodriver/linux64/v0.36.0/geckodriver'
2026-01-28 00:07:45 | ERROR    | ERROR | initialization | [Errno 26] Text file busy: '/root/.wdm/drivers/geckodriver/linux64/v0.36.0/geckodriver'
2026-01-28 00:08:57 | ERROR    | ERROR | initialization | [Errno 26] Text file busy: '/root/.wdm/drivers/geckodriver/linux64/v0.36.0/geckodriver'
2026-01-28 00:09:04 | ERROR    | ERROR | initialization | response body:
{"message":"API rate limit exceeded for 178.230.43.187. (But here's the good news: Authenticated requests get a higher rate limit. Check out the documentation for more details.)","documentation_url":"https://docs.github.com/rest/overview/resources-in-the-rest-api#rate-limiting"}

request url:
https://api.github.com/repos/mozilla/geckodriver/releases/latest
response headers:
{'Date': 'Tue, 27 Jan 2026 23:09:05 GMT', 'Server': 'Varnish', 'Strict-Transport-Security': 'max-age=31536000; includeSubdomains; preload', 'X-Content-Type-Options': 'nosniff', 'X-Frame-Options': 'deny', 'X-XSS-Protection': '1; mode=block', 'Content-Security-Policy': "default-src 'none'; style-src 'unsafe-inline'", 'Access-Control-Allow-Origin': '*', 'Access-Control-Expose-Headers': 'ETag, Link, Location, Retry-After, X-GitHub-OTP, X-RateLimit-Limit, X-RateLimit-Remaining, X-RateLimit-Reset, X-RateLimit-Used, X-RateLimit-Resource, X-OAuth-Scopes, X-Accepted-OAuth-Scopes, X-Poll-Interval, X-GitHub-Media-Type, Deprecation, Sunset', 'Content-Type': 'application/json; charset=utf-8', 'Referrer-Policy': 'origin-when-cross-origin, strict-origin-when-cross-origin', 'X-GitHub-Media-Type': 'github.v3; format=json', 'X-RateLimit-Limit': '60', 'X-RateLimit-Remaining': '0', 'X-RateLimit-Reset': '1769557035', 'X-RateLimit-Resource': 'core', 'X-RateLimit-Used': '60', 'Content-Length': '280', 'X-GitHub-Request-Id': '3455:27D22A:27DFAC:23FC42:69794591'}

2026-01-28 00:09:11 | ERROR    | ERROR | initialization | response body:
{"message":"API rate limit exceeded for 178.230.43.187. (But here's the good news: Authenticated requests get a higher rate limit. Check out the documentation for more details.)","documentation_url":"https://docs.github.com/rest/overview/resources-in-the-rest-api#rate-limiting"}

request url:
https://api.github.com/repos/mozilla/geckodriver/releases/latest
response headers:
{'Date': 'Tue, 27 Jan 2026 23:09:13 GMT', 'Server': 'Varnish', 'Strict-Transport-Security': 'max-age=31536000; includeSubdomains; preload', 'X-Content-Type-Options': 'nosniff', 'X-Frame-Options': 'deny', 'X-XSS-Protection': '1; mode=block', 'Content-Security-Policy': "default-src 'none'; style-src 'unsafe-inline'", 'Access-Control-Allow-Origin': '*', 'Access-Control-Expose-Headers': 'ETag, Link, Location, Retry-After, X-GitHub-OTP, X-RateLimit-Limit, X-RateLimit-Remaining, X-RateLimit-Reset, X-RateLimit-Used, X-RateLimit-Resource, X-OAuth-Scopes, X-Accepted-OAuth-Scopes, X-Poll-Interval, X-GitHub-Media-Type, Deprecation, Sunset', 'Content-Type': 'application/json; charset=utf-8', 'Referrer-Policy': 'origin-when-cross-origin, strict-origin-when-cross-origin', 'X-GitHub-Media-Type': 'github.v3; format=json', 'X-RateLimit-Limit': '60', 'X-RateLimit-Remaining': '0', 'X-RateLimit-Reset': '1769557035', 'X-RateLimit-Resource': 'core', 'X-RateLimit-Used': '60', 'Content-Length': '280', 'X-GitHub-Request-Id': '3472:27D22A:280220:241C02:69794599'}

2026-01-28 00:09:18 | ERROR    | ERROR | initialization | response body:
{"message":"API rate limit exceeded for 178.230.43.187. (But here's the good news: Authenticated requests get a higher rate limit. Check out the documentation for more details.)","documentation_url":"https://docs.github.com/rest/overview/resources-in-the-rest-api#rate-limiting"}

request url:
https://api.github.com/repos/mozilla/geckodriver/releases/latest
response headers:
{'Date': 'Tue, 27 Jan 2026 23:09:20 GMT', 'Server': 'Varnish', 'Strict-Transport-Security': 'max-age=31536000; includeSubdomains; preload', 'X-Content-Type-Options': 'nosniff', 'X-Frame-Options': 'deny', 'X-XSS-Protection': '1; mode=block', 'Content-Security-Policy': "default-src 'none'; style-src 'unsafe-inline'", 'Access-Control-Allow-Origin': '*', 'Access-Control-Expose-Headers': 'ETag, Link, Location, Retry-After, X-GitHub-OTP, X-RateLimit-Limit, X-RateLimit-Remaining, X-RateLimit-Reset, X-RateLimit-Used, X-RateLimit-Resource, X-OAuth-Scopes, X-Accepted-OAuth-Scopes, X-Poll-Interval, X-GitHub-Media-Type, Deprecation, Sunset', 'Content-Type': 'application/json; charset=utf-8', 'Referrer-Policy': 'origin-when-cross-origin, strict-origin-when-cross-origin', 'X-GitHub-Media-Type': 'github.v3; format=json', 'X-RateLimit-Limit': '60', 'X-RateLimit-Remaining': '0', 'X-RateLimit-Reset': '1769557035', 'X-RateLimit-Resource': 'core', 'X-RateLimit-Used': '60', 'Content-Length': '280', 'X-GitHub-Request-Id': '3406:28561D:29D9D1:26012C:697945A0'}

2026-01-28 00:11:20 | ERROR    | ERROR | initialization | response body:
{"message":"API rate limit exceeded for 178.230.43.187. (But here's the good news: Authenticated requests get a higher rate limit. Check out the documentation for more details.)","documentation_url":"https://docs.github.com/rest/overview/resources-in-the-rest-api#rate-limiting"}

request url:
https://api.github.com/repos/mozilla/geckodriver/releases/latest
response headers:
{'Date': 'Tue, 27 Jan 2026 23:11:21 GMT', 'Server': 'Varnish', 'Strict-Transport-Security': 'max-age=31536000; includeSubdomains; preload', 'X-Content-Type-Options': 'nosniff', 'X-Frame-Options': 'deny', 'X-XSS-Protection': '1; mode=block', 'Content-Security-Policy': "default-src 'none'; style-src 'unsafe-inline'", 'Access-Control-Allow-Origin': '*', 'Access-Control-Expose-Headers': 'ETag, Link, Location, Retry-After, X-GitHub-OTP, X-RateLimit-Limit, X-RateLimit-Remaining, X-RateLimit-Reset, X-RateLimit-Used, X-RateLimit-Resource, X-OAuth-Scopes, X-Accepted-OAuth-Scopes, X-Poll-Interval, X-GitHub-Media-Type, Deprecation, Sunset', 'Content-Type': 'application/json; charset=utf-8', 'Referrer-Policy': 'origin-when-cross-origin, strict-origin-when-cross-origin', 'X-GitHub-Media-Type': 'github.v3; format=json', 'X-RateLimit-Limit': '60', 'X-RateLimit-Remaining': '0', 'X-RateLimit-Reset': '1769557035', 'X-RateLimit-Resource': 'core', 'X-RateLimit-Used': '60', 'Content-Length': '280', 'X-GitHub-Request-Id': '3437:1A8365:52BB4B:4ACC59:69794619'}

2026-01-28 00:13:22 | INFO     | LOGIN | SUCCESS | metalvader
2026-01-28 00:17:49 | INFO     | LOGIN | SUCCESS | metalvader
2026-01-28 00:32:02 | INFO     | LOGIN | SUCCESS | metalvader
2026-01-28 00:35:09 | INFO     | LOGIN | SUCCESS | metalvader
2026-01-28 00:38:19 | INFO     | LOGIN | SUCCESS | metalvader
2026-01-28 00:41:18 | INFO     | LOGIN | SUCCESS | metalvader
2026-01-28 00:44:44 | INFO     | LOGIN | SUCCESS | metalvader
2026-01-28 00:58:25 | INFO     | LOGIN | SUCCESS | metalvader
2026-01-28 01:06:26 | INFO     | LOGIN | SUCCESS | metalvader
2026-01-28 01:11:17 | INFO     | LOGIN | SUCCESS | metalvader
2026-01-28 01:39:15 | INFO     | LOGIN | SUCCESS | metalvader
2026-01-28 01:53:26 | INFO     | LOGIN | SUCCESS | metalvader
2026-01-28 01:55:51 | INFO     | LOGIN | SUCCESS | metalvader
2026-01-28 02:01:40 | INFO     | LOGIN | SUCCESS | metalvader
2026-01-28 02:21:23 | INFO     | LOGIN | SUCCESS | metalvader
2026-01-28 02:25:40 | INFO     | LOGIN | SUCCESS | metalvader
2026-01-28 02:31:50 | INFO     | LOGIN | SUCCESS | metalvader
2026-01-28 02:36:38 | INFO     | LOGIN | SUCCESS | metalvader
2026-01-28 02:57:29 | INFO     | LOGIN | SUCCESS | metalvader
2026-01-28 03:32:03 | INFO     | LOGIN | SUCCESS | metalvader
2026-01-28 03:33:35 | INFO     | LOGIN | SUCCESS | metalvader
