2026-01-28 00:06:46 | INFO     | ==================================================
2026-01-28 00:06:46 | INFO     | Interactive Bot starting...
2026-01-28 00:06:46 | INFO     | Server: ts1.travian-speed.com
2026-01-28 00:06:46 | INFO     | Username: metalvader
2026-01-28 00:06:46 | INFO     | Initializing Interactive Bot...
2026-01-28 00:06:48 | ERROR    | Initialization failed: [Errno 26] Text file busy: '/root/.wdm/drivers/geckodriver/linux64/v0.36.0/geckodriver'
2026-01-28 00:06:58 | INFO     | ==================================================
2026-01-28 00:06:58 | INFO     | Interactive Bot starting...
2026-01-28 00:06:58 | INFO     | Server: ts1.travian-speed.com
2026-01-28 00:06:58 | INFO     | Username: metalvader
2026-01-28 00:06:58 | INFO     | Initializing Interactive Bot...
2026-01-28 00:07:00 | ERROR    | Initialization failed: [Errno 26] Text file busy: '/root/.wdm/drivers/geckodriver/linux64/v0.36.0/geckodriver'
2026-01-28 00:07:08 | INFO     | ==================================================
2026-01-28 00:07:08 | INFO     | Interactive Bot starting...
2026-01-28 00:07:08 | INFO     | Server: ts1.travian-speed.com
2026-01-28 00:07:08 | INFO     | Username: metalvader
2026-01-28 00:07:08 | INFO     | Initializing Interactive Bot...
2026-01-28 00:07:09 | ERROR    | Initialization failed: [Errno 26] Text file busy: '/root/.wdm/drivers/geckodriver/linux64/v0.36.0/geckodriver'
2026-01-28 00:07:18 | INFO     | ==================================================
2026-01-28 00:07:18 | INFO     | Interactive Bot starting...
2026-01-28 00:07:18 | INFO     | Server: ts1.travian-speed.com
2026-01-28 00:07:18 | INFO     | Username: metalvader
2026-01-28 00:07:18 | INFO     | Initializing Interactive Bot...
2026-01-28 00:07:20 | ERROR    | Initialization failed: [Errno 26] Text file busy: '/root/.wdm/drivers/geckodriver/linux64/v0.36.0/geckodriver'
2026-01-28 00:07:22 | INFO     | ==================================================
2026-01-28 00:07:22 | INFO     | Interactive Bot starting...
2026-01-28 00:07:22 | INFO     | Server: ts1.travian-speed.com
2026-01-28 00:07:22 | INFO     | Username: metalvader
2026-01-28 00:07:22 | INFO     | Initializing Interactive Bot...
2026-01-28 00:07:23 | ERROR    | Initialization failed: [Errno 26] Text file busy: '/root/.wdm/drivers/geckodriver/linux64/v0.36.0/geckodriver'
2026-01-28 00:07:25 | INFO     | ==================================================
2026-01-28 00:07:25 | INFO     | Interactive Bot starting...
2026-01-28 00:07:25 | INFO     | Server: ts1.travian-speed.com
2026-01-28 00:07:25 | INFO     | Username: metalvader
2026-01-28 00:07:25 | INFO     | Initializing Interactive Bot...
2026-01-28 00:07:26 | ERROR    | Initialization failed: [Errno 26] Text file busy: '/root/.wdm/drivers/geckodriver/linux64/v0.36.0/geckodriver'
2026-01-28 00:07:28 | INFO     | ==================================================
2026-01-28 00:07:28 | INFO     | Interactive Bot starting...
2026-01-28 00:07:28 | INFO     | Server: ts1.travian-speed.com
2026-01-28 00:07:28 | INFO     | Username: metalvader
2026-01-28 00:07:28 | INFO     | Initializing Interactive Bot...
2026-01-28 00:07:30 | ERROR    | Initialization failed: [Errno 26] Text file busy: '/root/.wdm/drivers/geckodriver/linux64/v0.36.0/geckodriver'
2026-01-28 00:07:32 | INFO     | ==================================================
2026-01-28 00:07:32 | INFO     | Interactive Bot starting...
2026-01-28 00:07:32 | INFO     | Server: ts1.travian-speed.com
2026-01-28 00:07:32 | INFO     | Username: metalvader
2026-01-28 00:07:32 | INFO     | Initializing Interactive Bot...
2026-01-28 00:07:33 | ERROR    | Initialization failed: [Errno 26] Text file busy: '/root/.wdm/drivers/geckodriver/linux64/v0.36.0/geckodriver'
2026-01-28 00:07:44 | INFO     | ==================================================
2026-01-28 00:07:44 | INFO     | Interactive Bot starting...
2026-01-28 00:07:44 | INFO     | Server: ts1.travian-speed.com
2026-01-28 00:07:44 | INFO     | Username: metalvader
2026-01-28 00:07:44 | INFO     | Initializing Interactive Bot...
2026-01-28 00:07:45 | ERROR    | Initialization failed: [Errno 26] Text file busy: '/root/.wdm/drivers/geckodriver/linux64/v0.36.0/geckodriver'
2026-01-28 00:08:55 | INFO     | ==================================================
2026-01-28 00:08:55 | INFO     | Interactive Bot starting...
2026-01-28 00:08:55 | INFO     | Server: ts1.travian-speed.com
2026-01-28 00:08:55 | INFO     | Username: metalvader
2026-01-28 00:08:55 | INFO     | Initializing Interactive Bot...
2026-01-28 00:08:57 | ERROR    | Initialization failed: [Errno 26] Text file busy: '/root/.wdm/drivers/geckodriver/linux64/v0.36.0/geckodriver'
2026-01-28 00:09:02 | INFO     | ==================================================
2026-01-28 00:09:02 | INFO     | Interactive Bot starting...
2026-01-28 00:09:02 | INFO     | Server: ts1.travian-speed.com
2026-01-28 00:09:02 | INFO     | Username: metalvader
2026-01-28 00:09:02 | INFO     | Initializing Interactive Bot...
2026-01-28 00:09:04 | ERROR    | Initialization failed: response body:
{"message":"API rate limit exceeded for 178.230.43.187. (But here's the good news: Authenticated requests get a higher rate limit. Check out the documentation for more details.)","documentation_url":"https://docs.github.com/rest/overview/resources-in-the-rest-api#rate-limiting"}

request url:
https://api.github.com/repos/mozilla/geckodriver/releases/latest
response headers:
{'Date': 'Tue, 27 Jan 2026 23:09:05 GMT', 'Server': 'Varnish', 'Strict-Transport-Security': 'max-age=31536000; includeSubdomains; preload', 'X-Content-Type-Options': 'nosniff', 'X-Frame-Options': 'deny', 'X-XSS-Protection': '1; mode=block', 'Content-Security-Policy': "default-src 'none'; style-src 'unsafe-inline'", 'Access-Control-Allow-Origin': '*', 'Access-Control-Expose-Headers': 'ETag, Link, Location, Retry-After, X-GitHub-OTP, X-RateLimit-Limit, X-RateLimit-Remaining, X-RateLimit-Reset, X-RateLimit-Used, X-RateLimit-Resource, X-OAuth-Scopes, X-Accepted-OAuth-Scopes, X-Poll-Interval, X-GitHub-Media-Type, Deprecation, Sunset', 'Content-Type': 'application/json; charset=utf-8', 'Referrer-Policy': 'origin-when-cross-origin, strict-origin-when-cross-origin', 'X-GitHub-Media-Type': 'github.v3; format=json', 'X-RateLimit-Limit': '60', 'X-RateLimit-Remaining': '0', 'X-RateLimit-Reset': '1769557035', 'X-RateLimit-Resource': 'core', 'X-RateLimit-Used': '60', 'Content-Length': '280', 'X-GitHub-Request-Id': '3455:27D22A:27DFAC:23FC42:69794591'}

2026-01-28 00:09:11 | INFO     | ==================================================
2026-01-28 00:09:11 | INFO     | Interactive Bot starting...
2026-01-28 00:09:11 | INFO     | Server: ts1.travian-speed.com
2026-01-28 00:09:11 | INFO     | Username: metalvader
2026-01-28 00:09:11 | INFO     | Initializing Interactive Bot...
2026-01-28 00:09:11 | ERROR    | Initialization failed: response body:
{"message":"API rate limit exceeded for 178.230.43.187. (But here's the good news: Authenticated requests get a higher rate limit. Check out the documentation for more details.)","documentation_url":"https://docs.github.com/rest/overview/resources-in-the-rest-api#rate-limiting"}

request url:
https://api.github.com/repos/mozilla/geckodriver/releases/latest
response headers:
{'Date': 'Tue, 27 Jan 2026 23:09:13 GMT', 'Server': 'Varnish', 'Strict-Transport-Security': 'max-age=31536000; includeSubdomains; preload', 'X-Content-Type-Options': 'nosniff', 'X-Frame-Options': 'deny', 'X-XSS-Protection': '1; mode=block', 'Content-Security-Policy': "default-src 'none'; style-src 'unsafe-inline'", 'Access-Control-Allow-Origin': '*', 'Access-Control-Expose-Headers': 'ETag, Link, Location, Retry-After, X-GitHub-OTP, X-RateLimit-Limit, X-RateLimit-Remaining, X-RateLimit-Reset, X-RateLimit-Used, X-RateLimit-Resource, X-OAuth-Scopes, X-Accepted-OAuth-Scopes, X-Poll-Interval, X-GitHub-Media-Type, Deprecation, Sunset', 'Content-Type': 'application/json; charset=utf-8', 'Referrer-Policy': 'origin-when-cross-origin, strict-origin-when-cross-origin', 'X-GitHub-Media-Type': 'github.v3; format=json', 'X-RateLimit-Limit': '60', 'X-RateLimit-Remaining': '0', 'X-RateLimit-Reset': '1769557035', 'X-RateLimit-Resource': 'core', 'X-RateLimit-Used': '60', 'Content-Length': '280', 'X-GitHub-Request-Id': '3472:27D22A:280220:241C02:69794599'}

2026-01-28 00:09:18 | INFO     | ==================================================
2026-01-28 00:09:18 | INFO     | Interactive Bot starting...
2026-01-28 00:09:18 | INFO     | Server: ts1.travian-speed.com
2026-01-28 00:09:18 | INFO     | Username: metalvader
2026-01-28 00:09:18 | INFO     | Initializing Interactive Bot...
2026-01-28 00:09:18 | ERROR    | Initialization failed: response body:
{"message":"API rate limit exceeded for 178.230.43.187. (But here's the good news: Authenticated requests get a higher rate limit. Check out the documentation for more details.)","documentation_url":"https://docs.github.com/rest/overview/resources-in-the-rest-api#rate-limiting"}

request url:
https://api.github.com/repos/mozilla/geckodriver/releases/latest
response headers:
{'Date': 'Tue, 27 Jan 2026 23:09:20 GMT', 'Server': 'Varnish', 'Strict-Transport-Security': 'max-age=31536000; includeSubdomains; preload', 'X-Content-Type-Options': 'nosniff', 'X-Frame-Options': 'deny', 'X-XSS-Protection': '1; mode=block', 'Content-Security-Policy': "default-src 'none'; style-src 'unsafe-inline'", 'Access-Control-Allow-Origin': '*', 'Access-Control-Expose-Headers': 'ETag, Link, Location, Retry-After, X-GitHub-OTP, X-RateLimit-Limit, X-RateLimit-Remaining, X-RateLimit-Reset, X-RateLimit-Used, X-RateLimit-Resource, X-OAuth-Scopes, X-Accepted-OAuth-Scopes, X-Poll-Interval, X-GitHub-Media-Type, Deprecation, Sunset', 'Content-Type': 'application/json; charset=utf-8', 'Referrer-Policy': 'origin-when-cross-origin, strict-origin-when-cross-origin', 'X-GitHub-Media-Type': 'github.v3; format=json', 'X-RateLimit-Limit': '60', 'X-RateLimit-Remaining': '0', 'X-RateLimit-Reset': '1769557035', 'X-RateLimit-Resource': 'core', 'X-RateLimit-Used': '60', 'Content-Length': '280', 'X-GitHub-Request-Id': '3406:28561D:29D9D1:26012C:697945A0'}

2026-01-28 00:11:19 | INFO     | ==================================================
2026-01-28 00:11:19 | INFO     | Interactive Bot starting...
2026-01-28 00:11:19 | INFO     | Server: ts1.travian-speed.com
2026-01-28 00:11:19 | INFO     | Username: metalvader
2026-01-28 00:11:19 | INFO     | Initializing Interactive Bot...
2026-01-28 00:11:20 | ERROR    | Initialization failed: response body:
{"message":"API rate limit exceeded for 178.230.43.187. (But here's the good news: Authenticated requests get a higher rate limit. Check out the documentation for more details.)","documentation_url":"https://docs.github.com/rest/overview/resources-in-the-rest-api#rate-limiting"}

request url:
https://api.github.com/repos/mozilla/geckodriver/releases/latest
response headers:
{'Date': 'Tue, 27 Jan 2026 23:11:21 GMT', 'Server': 'Varnish', 'Strict-Transport-Security': 'max-age=31536000; includeSubdomains; preload', 'X-Content-Type-Options': 'nosniff', 'X-Frame-Options': 'deny', 'X-XSS-Protection': '1; mode=block', 'Content-Security-Policy': "default-src 'none'; style-src 'unsafe-inline'", 'Access-Control-Allow-Origin': '*', 'Access-Control-Expose-Headers': 'ETag, Link, Location, Retry-After, X-GitHub-OTP, X-RateLimit-Limit, X-RateLimit-Remaining, X-RateLimit-Reset, X-RateLimit-Used, X-RateLimit-Resource, X-OAuth-Scopes, X-Accepted-OAuth-Scopes, X-Poll-Interval, X-GitHub-Media-Type, Deprecation, Sunset', 'Content-Type': 'application/json; charset=utf-8', 'Referrer-Policy': 'origin-when-cross-origin, strict-origin-when-cross-origin', 'X-GitHub-Media-Type': 'github.v3; format=json', 'X-RateLimit-Limit': '60', 'X-RateLimit-Remaining': '0', 'X-RateLimit-Reset': '1769557035', 'X-RateLimit-Resource': 'core', 'X-RateLimit-Used': '60', 'Content-Length': '280', 'X-GitHub-Request-Id': '3437:1A8365:52BB4B:4ACC59:69794619'}

2026-01-28 00:12:33 | INFO     | ==================================================
2026-01-28 00:12:33 | INFO     | Interactive Bot starting...
2026-01-28 00:12:33 | INFO     | Server: ts1.travian-speed.com
2026-01-28 00:12:33 | INFO     | Username: metalvader
2026-01-28 00:12:33 | INFO     | Initializing Interactive Bot...
2026-01-28 00:12:39 | INFO     | Browser started
2026-01-28 00:12:39 | INFO     | All components initialized successfully
2026-01-28 00:12:39 | INFO     | Logging in as metalvader...
2026-01-28 00:13:22 | INFO     | Login successful
2026-01-28 00:17:23 | INFO     | ==================================================
2026-01-28 00:17:23 | INFO     | Interactive Bot starting...
2026-01-28 00:17:23 | INFO     | Server: ts1.travian-speed.com
2026-01-28 00:17:23 | INFO     | Username: metalvader
2026-01-28 00:17:23 | INFO     | Initializing Interactive Bot...
2026-01-28 00:17:33 | INFO     | Browser started
2026-01-28 00:17:34 | INFO     | All components initialized successfully
2026-01-28 00:17:34 | INFO     | Logging in as metalvader...
2026-01-28 00:17:49 | INFO     | Login successful
2026-01-28 00:31:31 | INFO     | ==================================================
2026-01-28 00:31:31 | INFO     | Interactive Bot starting...
2026-01-28 00:31:31 | INFO     | Server: ts1.travian-speed.com
2026-01-28 00:31:31 | INFO     | Username: metalvader
2026-01-28 00:31:31 | INFO     | Initializing Interactive Bot...
2026-01-28 00:31:39 | INFO     | Browser started
2026-01-28 00:31:39 | INFO     | All components initialized successfully
2026-01-28 00:31:39 | INFO     | Logging in as metalvader...
2026-01-28 00:32:02 | INFO     | Login successful
2026-01-28 00:34:44 | INFO     | ==================================================
2026-01-28 00:34:44 | INFO     | Interactive Bot starting...
2026-01-28 00:34:44 | INFO     | Server: ts1.travian-speed.com
2026-01-28 00:34:44 | INFO     | Username: metalvader
2026-01-28 00:34:44 | INFO     | Initializing Interactive Bot...
2026-01-28 00:34:53 | INFO     | Browser started
2026-01-28 00:34:53 | INFO     | All components initialized successfully
2026-01-28 00:34:53 | INFO     | Logging in as metalvader...
2026-01-28 00:35:09 | INFO     | Login successful
2026-01-28 00:37:39 | INFO     | ==================================================
2026-01-28 00:37:39 | INFO     | Interactive Bot starting...
2026-01-28 00:37:39 | INFO     | Server: ts1.travian-speed.com
2026-01-28 00:37:39 | INFO     | Username: metalvader
2026-01-28 00:37:39 | INFO     | Initializing Interactive Bot...
2026-01-28 00:38:00 | INFO     | Browser started
2026-01-28 00:38:01 | INFO     | All components initialized successfully
2026-01-28 00:38:01 | INFO     | Logging in as metalvader...
2026-01-28 00:38:19 | INFO     | Login successful
2026-01-28 00:40:30 | INFO     | ==================================================
2026-01-28 00:40:30 | INFO     | Interactive Bot starting...
2026-01-28 00:40:30 | INFO     | Server: ts1.travian-speed.com
2026-01-28 00:40:30 | INFO     | Username: metalvader
2026-01-28 00:40:30 | INFO     | Initializing Interactive Bot...
2026-01-28 00:40:54 | INFO     | Browser started
2026-01-28 00:40:56 | INFO     | All components initialized successfully
2026-01-28 00:40:56 | INFO     | Logging in as metalvader...
2026-01-28 00:41:18 | INFO     | Login successful
2026-01-28 00:43:44 | INFO     | ==================================================
2026-01-28 00:43:44 | INFO     | Interactive Bot starting...
2026-01-28 00:43:44 | INFO     | Server: ts1.travian-speed.com
2026-01-28 00:43:44 | INFO     | Username: metalvader
2026-01-28 00:43:44 | INFO     | Initializing Interactive Bot...
2026-01-28 00:44:19 | INFO     | Browser started
2026-01-28 00:44:20 | INFO     | All components initialized successfully
2026-01-28 00:44:20 | INFO     | Logging in as metalvader...
2026-01-28 00:44:44 | INFO     | Login successful
2026-01-28 00:46:29 | INFO     | Full upgrade completed: 109 upgrades
2026-01-28 00:52:37 | INFO     | Full upgrade completed: 372 upgrades
2026-01-28 00:57:25 | INFO     | Shutting down bot...
2026-01-28 00:57:25 | INFO     | Bot shutdown complete
2026-01-28 00:57:33 | INFO     | ==================================================
2026-01-28 00:57:33 | INFO     | Interactive Bot starting...
2026-01-28 00:57:33 | INFO     | Server: ts1.travian-speed.com
2026-01-28 00:57:33 | INFO     | Username: metalvader
2026-01-28 00:57:33 | INFO     | Initializing Interactive Bot...
2026-01-28 00:57:59 | INFO     | Browser started
2026-01-28 00:58:00 | INFO     | All components initialized successfully
2026-01-28 00:58:00 | INFO     | Logging in as metalvader...
2026-01-28 00:58:25 | INFO     | Login successful
2026-01-28 01:01:03 | INFO     | Full upgrade completed: 389 upgrades
2026-01-28 01:05:45 | INFO     | ==================================================
2026-01-28 01:05:45 | INFO     | Interactive Bot starting...
2026-01-28 01:05:45 | INFO     | Server: ts1.travian-speed.com
2026-01-28 01:05:45 | INFO     | Username: metalvader
2026-01-28 01:05:45 | INFO     | Initializing Interactive Bot...
2026-01-28 01:06:07 | INFO     | Browser started
2026-01-28 01:06:08 | INFO     | All components initialized successfully
2026-01-28 01:06:08 | INFO     | Logging in as metalvader...
2026-01-28 01:06:26 | INFO     | Login successful
2026-01-28 01:10:31 | INFO     | Auto-farm completed: 0 raids in 1 cycles
2026-01-28 01:10:31 | INFO     | Shutting down bot...
2026-01-28 01:10:31 | INFO     | Bot shutdown complete
2026-01-28 01:10:39 | INFO     | ==================================================
2026-01-28 01:10:39 | INFO     | Interactive Bot starting...
2026-01-28 01:10:39 | INFO     | Server: ts1.travian-speed.com
2026-01-28 01:10:39 | INFO     | Username: metalvader
2026-01-28 01:10:39 | INFO     | Initializing Interactive Bot...
2026-01-28 01:10:56 | INFO     | Browser started
2026-01-28 01:10:57 | INFO     | All components initialized successfully
2026-01-28 01:10:57 | INFO     | Logging in as metalvader...
2026-01-28 01:11:17 | INFO     | Login successful
2026-01-28 01:24:58 | INFO     | Full upgrade completed: 398 upgrades
2026-01-28 01:25:02 | INFO     | Full upgrade completed: 400 upgrades
2026-01-28 01:31:08 | INFO     | Auto-train completed: 725233 Troop (t16) in 155 rounds
2026-01-28 01:38:39 | INFO     | ==================================================
2026-01-28 01:38:39 | INFO     | Interactive Bot starting...
2026-01-28 01:38:39 | INFO     | Server: ts1.travian-speed.com
2026-01-28 01:38:39 | INFO     | Username: metalvader
2026-01-28 01:38:39 | INFO     | Initializing Interactive Bot...
2026-01-28 01:38:53 | INFO     | Browser started
2026-01-28 01:38:53 | INFO     | All components initialized successfully
2026-01-28 01:38:53 | INFO     | Logging in as metalvader...
2026-01-28 01:39:12 | INFO     | Village building upgrade completed: 117 upgrades
2026-01-28 01:39:15 | INFO     | Login successful
2026-01-28 01:43:46 | INFO     | Auto-pilot stopped: 1 cycles, {'upgrades': 1, 'troops_trained': 30068, 'raids_sent': 0, 'attacks_detected': 0, 'ai_decisions': 0}
2026-01-28 01:43:46 | INFO     | Shutting down bot...
2026-01-28 01:43:46 | INFO     | Bot shutdown complete
2026-01-28 01:44:58 | INFO     | Full upgrade completed: 288 upgrades
2026-01-28 01:49:03 | INFO     | Shutting down bot...
2026-01-28 01:49:03 | INFO     | Bot shutdown complete
2026-01-28 01:49:26 | INFO     | ==================================================
2026-01-28 01:49:26 | INFO     | Interactive Bot starting...
2026-01-28 01:49:26 | INFO     | Server: ts1.travian-speed.com
2026-01-28 01:49:26 | INFO     | Username: metalvader
2026-01-28 01:49:26 | INFO     | Initializing Interactive Bot...
2026-01-28 01:49:45 | INFO     | Village building upgrade completed: 122 upgrades
2026-01-28 01:49:48 | INFO     | Browser started
2026-01-28 01:49:50 | INFO     | All components initialized successfully
2026-01-28 01:49:50 | INFO     | Logging in as metalvader...
2026-01-28 01:50:23 | INFO     | Shutting down bot...
2026-01-28 01:50:24 | INFO     | Bot shutdown complete
2026-01-28 01:52:31 | INFO     | ==================================================
2026-01-28 01:52:31 | INFO     | Interactive Bot starting...
2026-01-28 01:52:31 | INFO     | Server: ts1.travian-speed.com
2026-01-28 01:52:31 | INFO     | Username: metalvader
2026-01-28 01:52:31 | INFO     | Initializing Interactive Bot...
2026-01-28 01:52:50 | INFO     | ==================================================
2026-01-28 01:52:50 | INFO     | Interactive Bot starting...
2026-01-28 01:52:50 | INFO     | Server: ts1.travian-speed.com
2026-01-28 01:52:50 | INFO     | Username: metalvader
2026-01-28 01:52:50 | INFO     | Initializing Interactive Bot...
2026-01-28 01:53:02 | INFO     | Browser started
2026-01-28 01:53:03 | INFO     | All components initialized successfully
2026-01-28 01:53:03 | INFO     | Logging in as metalvader...
2026-01-28 01:53:26 | INFO     | Login successful
2026-01-28 01:53:26 | INFO     | Browser started
2026-01-28 01:53:28 | INFO     | All components initialized successfully
2026-01-28 01:53:28 | INFO     | Logging in as metalvader...
2026-01-28 01:53:49 | INFO     | Shutting down bot...
2026-01-28 01:53:49 | INFO     | Bot shutdown complete
2026-01-28 01:54:00 | INFO     | ==================================================
2026-01-28 01:54:00 | INFO     | Interactive Bot starting...
2026-01-28 01:54:00 | INFO     | Server: ts1.travian-speed.com
2026-01-28 01:54:00 | INFO     | Username: metalvader
2026-01-28 01:54:00 | INFO     | Initializing Interactive Bot...
2026-01-28 01:54:19 | INFO     | Browser started
2026-01-28 01:54:20 | INFO     | All components initialized successfully
2026-01-28 01:54:20 | INFO     | Logging in as metalvader...
2026-01-28 01:55:51 | INFO     | Login successful
2026-01-28 02:00:18 | INFO     | Auto-farm completed: 135 raids in 3 cycles
2026-01-28 02:01:11 | INFO     | ==================================================
2026-01-28 02:01:11 | INFO     | Interactive Bot starting...
2026-01-28 02:01:11 | INFO     | Server: ts1.travian-speed.com
2026-01-28 02:01:11 | INFO     | Username: metalvader
2026-01-28 02:01:11 | INFO     | Initializing Interactive Bot...
2026-01-28 02:01:21 | INFO     | Browser started
2026-01-28 02:01:22 | INFO     | All components initialized successfully
2026-01-28 02:01:22 | INFO     | Logging in as metalvader...
2026-01-28 02:01:40 | INFO     | Login successful
2026-01-28 02:20:10 | INFO     | Auto-pilot stopped: 5 cycles, {'upgrades': 0, 'troops_trained': 141503, 'raids_sent': 142, 'attacks_detected': 0, 'ai_decisions': 0}
2026-01-28 02:20:46 | INFO     | ==================================================
2026-01-28 02:20:46 | INFO     | Interactive Bot starting...
2026-01-28 02:20:46 | INFO     | Server: ts1.travian-speed.com
2026-01-28 02:20:46 | INFO     | Username: metalvader
2026-01-28 02:20:46 | INFO     | Initializing Interactive Bot...
2026-01-28 02:21:03 | INFO     | Browser started
2026-01-28 02:21:05 | INFO     | All components initialized successfully
2026-01-28 02:21:05 | INFO     | Logging in as metalvader...
2026-01-28 02:21:23 | INFO     | Login successful
2026-01-28 02:23:42 | INFO     | Auto-pilot stopped: 4 cycles, {'upgrades': 0, 'troops_trained': 110226, 'raids_sent': 143, 'attacks_detected': 0, 'ai_decisions': 0}
2026-01-28 02:23:53 | INFO     | Auto-pilot stopped: 4 cycles, {'upgrades': 1, 'troops_trained': 68449, 'raids_sent': 106, 'attacks_detected': 0, 'ai_decisions': 0}
2026-01-28 02:25:06 | INFO     | Auto-pilot stopped: 5 cycles, {'upgrades': 0, 'troops_trained': 117294, 'raids_sent': 144, 'attacks_detected': 0, 'ai_decisions': 0}
2026-01-28 02:25:09 | INFO     | ==================================================
2026-01-28 02:25:09 | INFO     | Interactive Bot starting...
2026-01-28 02:25:09 | INFO     | Server: ts1.travian-speed.com
2026-01-28 02:25:09 | INFO     | Username: metalvader
2026-01-28 02:25:09 | INFO     | Initializing Interactive Bot...
2026-01-28 02:25:23 | INFO     | Browser started
2026-01-28 02:25:24 | INFO     | All components initialized successfully
2026-01-28 02:25:24 | INFO     | Logging in as metalvader...
2026-01-28 02:25:40 | INFO     | Login successful
2026-01-28 02:31:09 | INFO     | Shutting down bot...
2026-01-28 02:31:09 | INFO     | Bot shutdown complete
2026-01-28 02:31:16 | INFO     | ==================================================
2026-01-28 02:31:16 | INFO     | Interactive Bot starting...
2026-01-28 02:31:16 | INFO     | Server: ts1.travian-speed.com
2026-01-28 02:31:16 | INFO     | Username: metalvader
2026-01-28 02:31:16 | INFO     | Initializing Interactive Bot...
2026-01-28 02:31:26 | INFO     | Browser started
2026-01-28 02:31:27 | INFO     | All components initialized successfully
2026-01-28 02:31:27 | INFO     | Logging in as metalvader...
2026-01-28 02:31:49 | INFO     | Auto-train completed: 19627 Troop (t12) in 11 rounds
2026-01-28 02:31:50 | INFO     | Login successful
2026-01-28 02:36:05 | INFO     | Shutting down bot...
2026-01-28 02:36:05 | INFO     | Bot shutdown complete
2026-01-28 02:36:10 | INFO     | ==================================================
2026-01-28 02:36:10 | INFO     | Interactive Bot starting...
2026-01-28 02:36:10 | INFO     | Server: ts1.travian-speed.com
2026-01-28 02:36:10 | INFO     | Username: metalvader
2026-01-28 02:36:10 | INFO     | Initializing Interactive Bot...
2026-01-28 02:36:20 | INFO     | Browser started
2026-01-28 02:36:21 | INFO     | All components initialized successfully
2026-01-28 02:36:21 | INFO     | Logging in as metalvader...
2026-01-28 02:36:38 | INFO     | Login successful
2026-01-28 02:37:33 | INFO     | Auto-train completed: 99767 Troop (t12) in 16 rounds
2026-01-28 02:38:21 | INFO     | Auto-farm completed: 641 raids in 19 cycles
2026-01-28 02:38:29 | INFO     | Shutting down bot...
2026-01-28 02:38:29 | INFO     | Bot shutdown complete
2026-01-28 02:40:37 | INFO     | Auto-train completed: 159541 Troop (t12) in 21 rounds
2026-01-28 02:43:35 | INFO     | Auto-train completed: 10835 Troop (t12) in 8 rounds
2026-01-28 02:56:50 | INFO     | Shutting down bot...
2026-01-28 02:56:51 | INFO     | Bot shutdown complete
2026-01-28 02:56:59 | INFO     | ==================================================
2026-01-28 02:56:59 | INFO     | Interactive Bot starting...
2026-01-28 02:56:59 | INFO     | Server: ts1.travian-speed.com
2026-01-28 02:56:59 | INFO     | Username: metalvader
2026-01-28 02:56:59 | INFO     | Initializing Interactive Bot...
2026-01-28 02:57:11 | INFO     | Browser started
2026-01-28 02:57:12 | INFO     | All components initialized successfully
2026-01-28 02:57:12 | INFO     | Logging in as metalvader...
2026-01-28 02:57:29 | INFO     | Login successful
2026-01-28 03:02:56 | INFO     | Auto-train completed: 21897 Troop (t12) in 6 rounds
2026-01-28 03:30:49 | INFO     | ==================================================
2026-01-28 03:30:49 | INFO     | Interactive Bot starting...
2026-01-28 03:30:49 | INFO     | Server: ts1.travian-speed.com
2026-01-28 03:30:49 | INFO     | Username: metalvader
2026-01-28 03:30:49 | INFO     | Initializing Interactive Bot...
2026-01-28 03:30:58 | INFO     | Browser started
2026-01-28 03:30:59 | INFO     | All components initialized successfully
2026-01-28 03:30:59 | INFO     | Logging in as metalvader...
2026-01-28 03:32:03 | INFO     | Login successful
2026-01-28 03:33:07 | INFO     | ==================================================
2026-01-28 03:33:07 | INFO     | Interactive Bot starting...
2026-01-28 03:33:07 | INFO     | Server: ts1.travian-speed.com
2026-01-28 03:33:07 | INFO     | Username: metalvader
2026-01-28 03:33:07 | INFO     | Initializing Interactive Bot...
2026-01-28 03:33:18 | INFO     | Browser started
2026-01-28 03:33:18 | INFO     | All components initialized successfully
2026-01-28 03:33:18 | INFO     | Logging in as metalvader...
2026-01-28 03:33:35 | INFO     | Login successful
2026-01-28 03:39:57 | INFO     | Auto-train completed: 74308 Troop (t12) in 10 rounds
2026-01-28 04:32:21 | INFO     | Auto-train completed: 281377 Troop (t12) in 545 rounds
2026-01-28 18:59:27 | INFO     | Auto-train completed: 273886 Troop (t12) in 521 rounds
2026-01-28 18:59:31 | INFO     | Auto-train completed: 626005 Troop (t12) in 531 rounds
2026-01-28 19:01:16 | INFO     | Auto-train completed: 44482167 Troop (t11) in 724 rounds
