2026-01-26 00:52:48 | INFO     | Initializing Interactive Bot...
2026-01-26 00:52:54 | INFO     | Browser started
2026-01-26 00:52:54 | INFO     | All components initialized successfully
2026-01-26 00:52:54 | INFO     | Logging in as metalvader...
2026-01-26 00:53:36 | INFO     | Login successful
2026-01-26 00:54:28 | INFO     | ==================================================
2026-01-26 00:54:28 | INFO     | Interactive Bot starting...
2026-01-26 00:54:28 | INFO     | Server: ts1.travian-speed.com
2026-01-26 00:54:28 | INFO     | Username: metalvader
2026-01-26 00:54:28 | INFO     | Initializing Interactive Bot...
2026-01-26 00:54:33 | INFO     | Browser started
2026-01-26 00:54:33 | INFO     | All components initialized successfully
2026-01-26 00:54:33 | INFO     | Logging in as metalvader...
2026-01-26 00:55:18 | INFO     | Login successful
2026-01-26 01:01:37 | INFO     | Auto mode started
2026-01-26 01:01:37 | INFO     | Auto mode cycle #1 started
2026-01-26 01:03:24 | INFO     | Auto mode stopped after 1 cycles
2026-01-26 01:03:24 | INFO     | Shutting down bot...
2026-01-26 01:03:25 | INFO     | Bot shutdown complete
2026-01-26 01:03:26 | INFO     | ==================================================
2026-01-26 01:03:26 | INFO     | Interactive Bot starting...
2026-01-26 01:03:26 | INFO     | Server: ts1.travian-speed.com
2026-01-26 01:03:26 | INFO     | Username: metalvader
2026-01-26 01:03:26 | INFO     | Initializing Interactive Bot...
2026-01-26 01:03:32 | INFO     | Browser started
2026-01-26 01:03:32 | INFO     | All components initialized successfully
2026-01-26 01:03:32 | INFO     | Logging in as metalvader...
2026-01-26 01:03:46 | INFO     | Login successful
2026-01-26 01:05:26 | INFO     | Shutting down bot...
2026-01-26 01:05:26 | INFO     | Bot shutdown complete
2026-01-26 01:08:09 | INFO     | ==================================================
2026-01-26 01:08:09 | INFO     | Interactive Bot starting...
2026-01-26 01:08:09 | INFO     | Server: ts1.travian-speed.com
2026-01-26 01:08:09 | INFO     | Username: metalvader
2026-01-26 01:08:09 | INFO     | Initializing Interactive Bot...
2026-01-26 01:08:14 | INFO     | Browser started
2026-01-26 01:08:14 | INFO     | All components initialized successfully
2026-01-26 01:08:14 | INFO     | Logging in as metalvader...
2026-01-26 01:08:32 | INFO     | Login successful
2026-01-26 01:11:33 | INFO     | Auto-upgrade completed: 51 upgrades
2026-01-26 01:13:06 | ERROR    | Error in main menu: HTTPConnectionPool(host='localhost', port=46051): Max retries exceeded with url: /session/9b5ec508-d24f-4d62-bbe1-d0ad838f6611/url (Caused by NewConnectionError("HTTPConnection(host='localhost', port=46051): Failed to establish a new connection: [Errno 111] Connection refused"))
2026-01-26 01:13:06 | INFO     | Shutting down bot...
2026-01-26 01:13:06 | INFO     | Bot shutdown complete
2026-01-26 01:13:12 | INFO     | ==================================================
2026-01-26 01:13:12 | INFO     | Interactive Bot starting...
2026-01-26 01:13:12 | INFO     | Server: ts1.travian-speed.com
2026-01-26 01:13:12 | INFO     | Username: metalvader
2026-01-26 01:13:12 | INFO     | Initializing Interactive Bot...
2026-01-26 01:13:17 | INFO     | Browser started
2026-01-26 01:13:17 | INFO     | All components initialized successfully
2026-01-26 01:13:17 | INFO     | Logging in as metalvader...
2026-01-26 01:13:32 | INFO     | Login successful
2026-01-26 01:14:07 | INFO     | Shutting down bot...
2026-01-26 01:14:07 | INFO     | Bot shutdown complete
2026-01-26 01:14:09 | INFO     | ==================================================
2026-01-26 01:14:09 | INFO     | Interactive Bot starting...
2026-01-26 01:14:09 | INFO     | Server: ts1.travian-speed.com
2026-01-26 01:14:09 | INFO     | Username: metalvader
2026-01-26 01:14:09 | INFO     | Initializing Interactive Bot...
2026-01-26 01:14:20 | INFO     | Browser started
2026-01-26 01:14:20 | INFO     | All components initialized successfully
2026-01-26 01:14:20 | INFO     | Logging in as metalvader...
2026-01-26 01:14:32 | INFO     | Login successful
2026-01-26 01:16:56 | INFO     | AI Command: Main Building L1 -> L20
2026-01-26 01:25:01 | INFO     | Auto-upgrade completed: 45 upgrades
2026-01-26 01:25:19 | ERROR    | Error in main menu: HTTPConnectionPool(host='localhost', port=46115): Max retries exceeded with url: /session/643528fc-454b-4d2b-aa50-23ff8b7afce5/url (Caused by NewConnectionError("HTTPConnection(host='localhost', port=46115): Failed to establish a new connection: [Errno 111] Connection refused"))
2026-01-26 01:25:19 | INFO     | Shutting down bot...
2026-01-26 01:25:19 | INFO     | Bot shutdown complete
2026-01-26 01:25:21 | INFO     | ==================================================
2026-01-26 01:25:21 | INFO     | Interactive Bot starting...
2026-01-26 01:25:21 | INFO     | Server: ts1.travian-speed.com
2026-01-26 01:25:21 | INFO     | Username: metalvader
2026-01-26 01:25:21 | INFO     | Initializing Interactive Bot...
2026-01-26 01:25:27 | INFO     | Browser started
2026-01-26 01:25:27 | INFO     | All components initialized successfully
2026-01-26 01:25:27 | INFO     | Logging in as metalvader...
2026-01-26 01:25:53 | INFO     | Login successful
2026-01-26 01:28:38 | INFO     | AI Command: Barracks L1 -> L20
2026-01-26 01:30:33 | INFO     | AI Command: Warehouse L1 -> L20
2026-01-26 01:32:31 | INFO     | AI Command: Granary L1 -> L20
2026-01-26 01:33:29 | INFO     | Auto mode started
2026-01-26 01:33:29 | INFO     | Auto mode cycle #1 started
2026-01-26 01:33:40 | INFO     | Auto-upgrade performed
2026-01-26 01:34:33 | INFO     | Auto mode stopped after 1 cycles
2026-01-26 01:34:50 | ERROR    | Error in main menu: HTTPConnectionPool(host='localhost', port=46925): Max retries exceeded with url: /session/f6e5fb54-0738-421e-8d5b-4a0fdc3cc214/url (Caused by NewConnectionError("HTTPConnection(host='localhost', port=46925): Failed to establish a new connection: [Errno 111] Connection refused"))
2026-01-26 01:34:50 | INFO     | Shutting down bot...
2026-01-26 01:34:50 | INFO     | Bot shutdown complete
2026-01-26 01:34:58 | INFO     | ==================================================
2026-01-26 01:34:58 | INFO     | Interactive Bot starting...
2026-01-26 01:34:58 | INFO     | Server: ts1.travian-speed.com
2026-01-26 01:34:58 | INFO     | Username: metalvader
2026-01-26 01:34:58 | INFO     | Initializing Interactive Bot...
2026-01-26 01:35:03 | INFO     | Browser started
2026-01-26 01:35:03 | INFO     | All components initialized successfully
2026-01-26 01:35:03 | INFO     | Logging in as metalvader...
2026-01-26 01:36:12 | INFO     | Login successful
2026-01-26 01:51:40 | INFO     | Auto-upgrade completed: 57 upgrades
2026-01-26 01:51:53 | INFO     | Shutting down bot...
2026-01-26 01:51:53 | INFO     | Bot shutdown complete
2026-01-26 01:51:55 | INFO     | ==================================================
2026-01-26 01:51:55 | INFO     | Interactive Bot starting...
2026-01-26 01:51:55 | INFO     | Server: ts1.travian-speed.com
2026-01-26 01:51:55 | INFO     | Username: metalvader
2026-01-26 01:51:55 | INFO     | Initializing Interactive Bot...
2026-01-26 01:52:00 | INFO     | Browser started
2026-01-26 01:52:00 | INFO     | All components initialized successfully
2026-01-26 01:52:00 | INFO     | Logging in as metalvader...
2026-01-26 01:55:16 | INFO     | Login successful
2026-01-26 01:58:38 | INFO     | AI Command: Academy L1 -> L20
2026-01-26 02:00:39 | INFO     | AI Command: Smithy L1 -> L20
2026-01-26 02:05:37 | INFO     | AI Command: Residence L1 -> L20
2026-01-26 02:34:47 | INFO     | Auto-upgrade completed: 363 upgrades
2026-01-26 02:34:49 | INFO     | Shutting down bot...
2026-01-26 02:34:49 | INFO     | Bot shutdown complete
2026-01-26 02:34:53 | INFO     | ==================================================
2026-01-26 02:34:53 | INFO     | Interactive Bot starting...
2026-01-26 02:34:53 | INFO     | Server: ts1.travian-speed.com
2026-01-26 02:34:53 | INFO     | Username: metalvader
2026-01-26 02:34:53 | INFO     | Initializing Interactive Bot...
2026-01-26 02:34:59 | INFO     | Browser started
2026-01-26 02:34:59 | INFO     | All components initialized successfully
2026-01-26 02:34:59 | INFO     | Logging in as metalvader...
2026-01-26 02:35:20 | INFO     | Login successful
2026-01-26 02:43:43 | INFO     | AI Command: Stable L1 -> L20
2026-01-26 02:48:06 | ERROR    | Error in main menu: HTTPConnectionPool(host='localhost', port=46911): Read timed out. (read timeout=120)
2026-01-26 02:48:06 | INFO     | Shutting down bot...
2026-01-26 02:50:17 | INFO     | ==================================================
2026-01-26 02:50:17 | INFO     | Interactive Bot starting...
2026-01-26 02:50:17 | INFO     | Server: ts1.travian-speed.com
2026-01-26 02:50:17 | INFO     | Username: metalvader
2026-01-26 02:50:17 | INFO     | Initializing Interactive Bot...
2026-01-26 02:50:22 | INFO     | Browser started
2026-01-26 02:50:22 | INFO     | All components initialized successfully
2026-01-26 02:50:22 | INFO     | Logging in as metalvader...
2026-01-26 02:51:24 | INFO     | Login successful
2026-01-26 12:50:20 | ERROR    | Error in main menu: Message: Reached error page: about:neterror?e=dnsNotFound&u=https%3A//ts1.travian-speed.com/build.php%3Fid%3D9&c=UTF-8&d=We%20can%E2%80%99t%20connect%20to%20the%20server%20at%20ts1.travian-speed.com.
Stacktrace:
RemoteError@chrome://remote/content/shared/RemoteError.sys.mjs:8:8
WebDriverError@chrome://remote/content/shared/webdriver/Errors.sys.mjs:199:5
UnknownError@chrome://remote/content/shared/webdriver/Errors.sys.mjs:910:5
checkReadyState@chrome://remote/content/marionette/navigate.sys.mjs:58:24
onNavigation@chrome://remote/content/marionette/navigate.sys.mjs:347:39
emit@resource://gre/modules/EventEmitter.sys.mjs:156:19
receiveMessage@chrome://remote/content/marionette/actors/MarionetteEventsParent.sys.mjs:33:25

2026-01-26 12:50:20 | INFO     | Shutting down bot...
2026-01-26 12:50:22 | INFO     | Bot shutdown complete
2026-01-26 12:50:53 | INFO     | ==================================================
2026-01-26 12:50:53 | INFO     | Interactive Bot starting...
2026-01-26 12:50:53 | INFO     | Server: ts1.travian-speed.com
2026-01-26 12:50:53 | INFO     | Username: metalvader
2026-01-26 12:50:53 | INFO     | Initializing Interactive Bot...
2026-01-26 12:51:03 | ERROR    | Initialization failed: Could not reach host. Are you offline?
2026-01-26 12:53:28 | INFO     | ==================================================
2026-01-26 12:53:28 | INFO     | Interactive Bot starting...
2026-01-26 12:53:28 | INFO     | Server: ts1.travian-speed.com
2026-01-26 12:53:28 | INFO     | Username: metalvader
2026-01-26 12:53:28 | INFO     | Initializing Interactive Bot...
2026-01-26 12:53:34 | INFO     | Browser started
2026-01-26 12:53:35 | INFO     | All components initialized successfully
2026-01-26 12:53:35 | INFO     | Logging in as metalvader...
2026-01-26 12:53:49 | INFO     | Login successful
2026-01-26 12:56:08 | INFO     | AI Command: Cranny L1 -> L10
2026-01-26 13:20:27 | INFO     | Auto-upgrade completed: 22 upgrades
2026-01-26 13:20:27 | INFO     | Shutting down bot...
2026-01-26 13:20:27 | INFO     | Bot shutdown complete
2026-01-26 13:20:30 | INFO     | ==================================================
2026-01-26 13:20:30 | INFO     | Interactive Bot starting...
2026-01-26 13:20:30 | INFO     | Server: ts1.travian-speed.com
2026-01-26 13:20:30 | INFO     | Username: metalvader
2026-01-26 13:20:30 | INFO     | Initializing Interactive Bot...
2026-01-26 13:20:36 | INFO     | Browser started
2026-01-26 13:20:36 | INFO     | All components initialized successfully
2026-01-26 13:20:36 | INFO     | Logging in as metalvader...
2026-01-26 13:21:01 | INFO     | Login successful
2026-01-26 13:26:54 | INFO     | AI Command: Heromansion L1 -> L20
2026-01-26 13:27:28 | ERROR    | Error in main menu: HTTPConnectionPool(host='localhost', port=45337): Max retries exceeded with url: /session/aaa2680d-019c-4540-9548-e58ee0a1617e/window (Caused by NewConnectionError("HTTPConnection(host='localhost', port=45337): Failed to establish a new connection: [Errno 111] Connection refused"))
2026-01-26 13:27:28 | INFO     | Shutting down bot...
2026-01-26 13:27:28 | INFO     | Bot shutdown complete
2026-01-26 13:27:31 | INFO     | ==================================================
2026-01-26 13:27:31 | INFO     | Interactive Bot starting...
2026-01-26 13:27:31 | INFO     | Server: ts1.travian-speed.com
2026-01-26 13:27:31 | INFO     | Username: metalvader
2026-01-26 13:27:31 | INFO     | Initializing Interactive Bot...
2026-01-26 13:27:37 | INFO     | Browser started
2026-01-26 13:27:37 | INFO     | All components initialized successfully
2026-01-26 13:27:37 | INFO     | Logging in as metalvader...
2026-01-26 13:29:40 | INFO     | Login successful
2026-01-26 13:31:17 | INFO     | Auto-upgrade completed: 0 upgrades
2026-01-26 13:31:23 | INFO     | Shutting down bot...
2026-01-26 13:31:23 | INFO     | Bot shutdown complete
2026-01-26 13:31:25 | INFO     | ==================================================
2026-01-26 13:31:25 | INFO     | Interactive Bot starting...
2026-01-26 13:31:25 | INFO     | Server: ts1.travian-speed.com
2026-01-26 13:31:25 | INFO     | Username: metalvader
2026-01-26 13:31:25 | INFO     | Initializing Interactive Bot...
2026-01-26 13:31:31 | INFO     | Browser started
2026-01-26 13:31:31 | INFO     | All components initialized successfully
2026-01-26 13:31:31 | INFO     | Logging in as metalvader...
2026-01-26 13:42:40 | INFO     | Login successful
2026-01-26 19:01:41 | INFO     | ==================================================
2026-01-26 19:01:41 | INFO     | Interactive Bot starting...
2026-01-26 19:01:41 | INFO     | Server: ts1.travian-speed.com
2026-01-26 19:01:41 | INFO     | Username: metalvader
2026-01-26 19:01:41 | INFO     | Initializing Interactive Bot...
2026-01-26 19:01:47 | INFO     | Browser started
2026-01-26 19:01:47 | INFO     | All components initialized successfully
2026-01-26 19:01:47 | INFO     | Logging in as metalvader...
2026-01-26 19:02:57 | INFO     | Login successful
2026-01-26 19:06:22 | INFO     | AI Command: Cranny L1 -> L10
2026-01-26 19:06:22 | INFO     | Shutting down bot...
2026-01-26 19:06:22 | INFO     | Bot shutdown complete
2026-01-26 19:06:25 | INFO     | ==================================================
2026-01-26 19:06:25 | INFO     | Interactive Bot starting...
2026-01-26 19:06:25 | INFO     | Server: ts1.travian-speed.com
2026-01-26 19:06:25 | INFO     | Username: metalvader
2026-01-26 19:06:25 | INFO     | Initializing Interactive Bot...
2026-01-26 19:14:01 | INFO     | ==================================================
2026-01-26 19:14:01 | INFO     | Interactive Bot starting...
2026-01-26 19:14:01 | INFO     | Server: ts1.travian-speed.com
2026-01-26 19:14:01 | INFO     | Username: metalvader
2026-01-26 19:14:01 | INFO     | Initializing Interactive Bot...
2026-01-26 19:14:08 | INFO     | Browser started
2026-01-26 19:14:08 | INFO     | All components initialized successfully
2026-01-26 19:14:08 | INFO     | Logging in as metalvader...
2026-01-26 19:18:03 | INFO     | ==================================================
2026-01-26 19:18:03 | INFO     | Interactive Bot starting...
2026-01-26 19:18:03 | INFO     | Server: ts1.travian-speed.com
2026-01-26 19:18:03 | INFO     | Username: metalvader
2026-01-26 19:18:03 | INFO     | Initializing Interactive Bot...
2026-01-26 19:18:10 | INFO     | Browser started
2026-01-26 19:18:10 | INFO     | All components initialized successfully
2026-01-26 19:18:10 | INFO     | Logging in as metalvader...
2026-01-26 19:20:17 | INFO     | ==================================================
2026-01-26 19:20:17 | INFO     | Interactive Bot starting...
2026-01-26 19:20:17 | INFO     | Server: ts1.travian-speed.com
2026-01-26 19:20:17 | INFO     | Username: metalvader
2026-01-26 19:20:17 | INFO     | Initializing Interactive Bot...
2026-01-26 19:20:23 | INFO     | Browser started
2026-01-26 19:20:23 | INFO     | All components initialized successfully
2026-01-26 19:20:23 | INFO     | Logging in as metalvader...
2026-01-26 19:20:45 | INFO     | Login successful
2026-01-26 19:22:54 | INFO     | Auto-train completed: 0 troops in 10 rounds
2026-01-26 19:24:34 | INFO     | Shutting down bot...
2026-01-26 19:24:34 | INFO     | Bot shutdown complete
2026-01-26 19:26:37 | INFO     | ==================================================
2026-01-26 19:26:37 | INFO     | Interactive Bot starting...
2026-01-26 19:26:37 | INFO     | Server: ts1.travian-speed.com
2026-01-26 19:26:37 | INFO     | Username: metalvader
2026-01-26 19:26:37 | INFO     | Initializing Interactive Bot...
2026-01-26 19:26:56 | INFO     | ==================================================
2026-01-26 19:26:56 | INFO     | Interactive Bot starting...
2026-01-26 19:26:56 | INFO     | Server: ts1.travian-speed.com
2026-01-26 19:26:56 | INFO     | Username: metalvader
2026-01-26 19:26:56 | INFO     | Initializing Interactive Bot...
2026-01-26 19:27:02 | INFO     | Browser started
2026-01-26 19:27:02 | INFO     | All components initialized successfully
2026-01-26 19:27:02 | INFO     | Logging in as metalvader...
2026-01-26 19:27:21 | INFO     | Login successful
2026-01-26 19:29:53 | INFO     | Auto-train completed: 368297 troops in 6 rounds
2026-01-26 19:32:41 | INFO     | Shutting down bot...
2026-01-26 19:32:41 | INFO     | Bot shutdown complete
2026-01-26 19:32:43 | INFO     | ==================================================
2026-01-26 19:32:43 | INFO     | Interactive Bot starting...
2026-01-26 19:32:43 | INFO     | Server: ts1.travian-speed.com
2026-01-26 19:32:43 | INFO     | Username: metalvader
2026-01-26 19:32:43 | INFO     | Initializing Interactive Bot...
2026-01-26 19:32:50 | INFO     | Browser started
2026-01-26 19:32:50 | INFO     | All components initialized successfully
2026-01-26 19:32:50 | INFO     | Logging in as metalvader...
2026-01-26 19:33:09 | INFO     | Login successful
2026-01-26 19:34:35 | INFO     | Shutting down bot...
2026-01-26 19:34:35 | INFO     | Bot shutdown complete
2026-01-26 19:36:21 | INFO     | ==================================================
2026-01-26 19:36:21 | INFO     | Interactive Bot starting...
2026-01-26 19:36:21 | INFO     | Server: ts1.travian-speed.com
2026-01-26 19:36:21 | INFO     | Username: metalvader
2026-01-26 19:36:21 | INFO     | Initializing Interactive Bot...
2026-01-26 19:36:26 | INFO     | Browser started
2026-01-26 19:36:26 | INFO     | All components initialized successfully
2026-01-26 19:36:26 | INFO     | Logging in as metalvader...
2026-01-26 19:37:07 | INFO     | Login successful
2026-01-26 19:44:23 | INFO     | Auto-train completed: 157209 Troop (t11) in 44 rounds
2026-01-26 19:45:36 | INFO     | Auto-upgrade completed: 1 upgrades
2026-01-26 19:45:36 | INFO     | Shutting down bot...
2026-01-26 19:45:36 | INFO     | Bot shutdown complete
2026-01-26 19:45:39 | INFO     | ==================================================
2026-01-26 19:45:39 | INFO     | Interactive Bot starting...
2026-01-26 19:45:39 | INFO     | Server: ts1.travian-speed.com
2026-01-26 19:45:39 | INFO     | Username: metalvader
2026-01-26 19:45:39 | INFO     | Initializing Interactive Bot...
2026-01-26 19:45:44 | INFO     | Browser started
2026-01-26 19:45:44 | INFO     | All components initialized successfully
2026-01-26 19:45:44 | INFO     | Logging in as metalvader...
2026-01-26 19:46:00 | INFO     | Login successful
2026-01-26 19:57:25 | INFO     | Shutting down bot...
2026-01-26 19:57:25 | INFO     | Bot shutdown complete
2026-01-26 19:57:27 | INFO     | ==================================================
2026-01-26 19:57:27 | INFO     | Interactive Bot starting...
2026-01-26 19:57:27 | INFO     | Server: ts1.travian-speed.com
2026-01-26 19:57:27 | INFO     | Username: metalvader
2026-01-26 19:57:27 | INFO     | Initializing Interactive Bot...
2026-01-26 19:57:32 | INFO     | Browser started
2026-01-26 19:57:32 | INFO     | All components initialized successfully
2026-01-26 19:57:32 | INFO     | Logging in as metalvader...
2026-01-26 19:58:01 | INFO     | Login successful
2026-01-26 20:05:55 | INFO     | Shutting down bot...
2026-01-26 20:05:56 | INFO     | Bot shutdown complete
2026-01-26 20:05:58 | INFO     | ==================================================
2026-01-26 20:05:58 | INFO     | Interactive Bot starting...
2026-01-26 20:05:58 | INFO     | Server: ts1.travian-speed.com
2026-01-26 20:05:58 | INFO     | Username: metalvader
2026-01-26 20:05:58 | INFO     | Initializing Interactive Bot...
2026-01-26 20:06:03 | INFO     | Browser started
2026-01-26 20:06:03 | INFO     | All components initialized successfully
2026-01-26 20:06:03 | INFO     | Logging in as metalvader...
2026-01-26 20:06:25 | INFO     | Login successful
2026-01-26 20:14:12 | INFO     | Village building upgrade completed: 190 upgrades
2026-01-26 20:14:21 | ERROR    | Error in main menu: HTTPConnectionPool(host='localhost', port=46443): Max retries exceeded with url: /session/86871240-51a6-41de-adb2-394359e62354/window (Caused by NewConnectionError("HTTPConnection(host='localhost', port=46443): Failed to establish a new connection: [Errno 111] Connection refused"))
2026-01-26 20:14:21 | INFO     | Shutting down bot...
2026-01-26 20:14:21 | INFO     | Bot shutdown complete
2026-01-26 20:14:24 | INFO     | ==================================================
2026-01-26 20:14:24 | INFO     | Interactive Bot starting...
2026-01-26 20:14:24 | INFO     | Server: ts1.travian-speed.com
2026-01-26 20:14:24 | INFO     | Username: metalvader
2026-01-26 20:14:24 | INFO     | Initializing Interactive Bot...
2026-01-26 20:14:29 | INFO     | Browser started
2026-01-26 20:14:29 | INFO     | All components initialized successfully
2026-01-26 20:14:29 | INFO     | Logging in as metalvader...
2026-01-26 20:14:48 | INFO     | Login successful
2026-01-26 20:16:53 | INFO     | Full upgrade completed: 4 upgrades
2026-01-26 20:17:00 | INFO     | Shutting down bot...
2026-01-26 20:17:00 | INFO     | Bot shutdown complete
2026-01-26 20:17:02 | INFO     | ==================================================
2026-01-26 20:17:02 | INFO     | Interactive Bot starting...
2026-01-26 20:17:02 | INFO     | Server: ts1.travian-speed.com
2026-01-26 20:17:02 | INFO     | Username: metalvader
2026-01-26 20:17:02 | INFO     | Initializing Interactive Bot...
2026-01-26 20:17:07 | INFO     | Browser started
2026-01-26 20:17:07 | INFO     | All components initialized successfully
2026-01-26 20:17:07 | INFO     | Logging in as metalvader...
2026-01-26 20:17:23 | INFO     | Login successful
2026-01-26 20:19:54 | INFO     | ==================================================
2026-01-26 20:19:54 | INFO     | Interactive Bot starting...
2026-01-26 20:19:54 | INFO     | Server: ts1.travian-speed.com
2026-01-26 20:19:54 | INFO     | Username: metalvader
2026-01-26 20:19:54 | INFO     | Initializing Interactive Bot...
2026-01-26 20:19:59 | INFO     | Browser started
2026-01-26 20:19:59 | INFO     | All components initialized successfully
2026-01-26 20:19:59 | INFO     | Logging in as metalvader...
2026-01-26 20:20:15 | INFO     | Login successful
2026-01-26 20:20:34 | INFO     | Full upgrade completed: 0 upgrades
2026-01-26 20:20:44 | INFO     | Full upgrade completed: 0 upgrades
2026-01-26 20:38:16 | INFO     | Auto-train completed: 142977 Troop (t15) in 170 rounds
2026-01-26 20:44:37 | INFO     | Full upgrade completed: 169 upgrades
2026-01-26 20:44:38 | INFO     | Auto-train completed: 103686 Troop (t11) in 19 rounds
2026-01-26 21:42:31 | INFO     | ==================================================
2026-01-26 21:42:31 | INFO     | Interactive Bot starting...
2026-01-26 21:42:31 | INFO     | Server: ts1.travian-speed.com
2026-01-26 21:42:31 | INFO     | Username: metalvader
2026-01-26 21:42:31 | INFO     | Initializing Interactive Bot...
2026-01-26 21:42:41 | ERROR    | Initialization failed: Could not reach host. Are you offline?
2026-01-26 21:43:28 | INFO     | ==================================================
2026-01-26 21:43:28 | INFO     | Interactive Bot starting...
2026-01-26 21:43:28 | INFO     | Server: ts1.travian-speed.com
2026-01-26 21:43:28 | INFO     | Username: metalvader
2026-01-26 21:43:28 | INFO     | Initializing Interactive Bot...
2026-01-26 21:43:38 | INFO     | Browser started
2026-01-26 21:43:38 | INFO     | All components initialized successfully
2026-01-26 21:43:38 | INFO     | Logging in as metalvader...
2026-01-26 21:44:19 | INFO     | Login successful
2026-01-26 21:46:43 | INFO     | Auto-train completed: 0 Troop (t12) in 2 rounds
2026-01-26 21:47:52 | INFO     | ==================================================
2026-01-26 21:47:52 | INFO     | Interactive Bot starting...
2026-01-26 21:47:52 | INFO     | Server: ts1.travian-speed.com
2026-01-26 21:47:52 | INFO     | Username: metalvader
2026-01-26 21:47:52 | INFO     | Initializing Interactive Bot...
2026-01-26 21:47:58 | INFO     | Browser started
2026-01-26 21:47:59 | INFO     | All components initialized successfully
2026-01-26 21:47:59 | INFO     | Logging in as metalvader...
2026-01-26 21:48:47 | INFO     | Login successful
2026-01-26 21:52:50 | INFO     | Auto-train completed: 1068101 Troop (t11) in 18 rounds
2026-01-26 22:19:57 | INFO     | Auto-upgrade completed: 21 upgrades
2026-01-26 22:26:59 | INFO     | Auto-train completed: 926849 Troop (t11) in 122 rounds
2026-01-26 22:45:40 | INFO     | Auto-upgrade completed: 6 upgrades
2026-01-26 22:51:48 | INFO     | Auto-upgrade completed: 0 upgrades
2026-01-26 22:57:08 | INFO     | Auto-train completed: 177597 Troop (t16) in 145 rounds
2026-01-26 23:34:07 | INFO     | Shutting down bot...
2026-01-26 23:34:07 | INFO     | Bot shutdown complete
2026-01-26 23:34:15 | INFO     | Shutting down bot...
2026-01-26 23:34:15 | INFO     | Bot shutdown complete
2026-01-26 23:34:21 | INFO     | ==================================================
2026-01-26 23:34:21 | INFO     | Interactive Bot starting...
2026-01-26 23:34:21 | INFO     | Server: ts1.travian-speed.com
2026-01-26 23:34:21 | INFO     | Username: metalvader
2026-01-26 23:34:21 | INFO     | Initializing Interactive Bot...
2026-01-26 23:34:32 | ERROR    | Initialization failed: Could not reach host. Are you offline?
2026-01-26 23:35:14 | INFO     | ==================================================
2026-01-26 23:35:14 | INFO     | Interactive Bot starting...
2026-01-26 23:35:14 | INFO     | Server: ts1.travian-speed.com
2026-01-26 23:35:14 | INFO     | Username: metalvader
2026-01-26 23:35:14 | INFO     | Initializing Interactive Bot...
2026-01-26 23:35:20 | INFO     | Browser started
2026-01-26 23:35:20 | INFO     | All components initialized successfully
2026-01-26 23:35:20 | INFO     | Logging in as metalvader...
2026-01-26 23:35:36 | INFO     | Login successful
2026-01-26 23:49:16 | INFO     | ==================================================
2026-01-26 23:49:16 | INFO     | Interactive Bot starting...
2026-01-26 23:49:16 | INFO     | Server: ts1.travian-speed.com
2026-01-26 23:49:16 | INFO     | Username: metalvader
2026-01-26 23:49:16 | INFO     | Initializing Interactive Bot...
2026-01-26 23:49:23 | INFO     | Browser started
2026-01-26 23:49:24 | INFO     | All components initialized successfully
2026-01-26 23:49:24 | INFO     | Logging in as metalvader...
2026-01-26 23:49:40 | INFO     | Login successful
2026-01-27 00:11:03 | INFO     | Village building upgrade completed: 208 upgrades
2026-01-27 00:13:15 | INFO     | Shutting down bot...
2026-01-27 00:13:16 | INFO     | Bot shutdown complete
2026-01-27 00:14:09 | INFO     | Auto-upgrade completed: 116 upgrades
2026-01-27 00:14:44 | INFO     | Shutting down bot...
2026-01-27 00:14:44 | INFO     | Bot shutdown complete
