2026-02-06 00:24:22 | INFO     | ==================================================
2026-02-06 00:24:22 | INFO     | Interactive Bot starting...
2026-02-06 00:24:22 | INFO     | Server: ts2.travian-speed.com
2026-02-06 00:24:22 | INFO     | Username: anonzvader
2026-02-06 00:24:22 | INFO     | Initializing Interactive Bot...
2026-02-06 00:24:29 | INFO     | Browser started
2026-02-06 00:24:30 | INFO     | All components initialized successfully
2026-02-06 00:24:30 | INFO     | Logging in as anonzvader...
2026-02-06 00:25:37 | INFO     | Login successful
2026-02-06 00:30:56 | ERROR    | Error in main menu: HTTPConnectionPool(host='localhost', port=46317): Max retries exceeded with url: /session/a97e4379-5e9b-4719-8a5d-3ca95e35e107/elements (Caused by NewConnectionError("HTTPConnection(host='localhost', port=46317): Failed to establish a new connection: [Errno 111] Connection refused"))
2026-02-06 00:30:56 | INFO     | Shutting down bot...
2026-02-06 00:30:56 | INFO     | Bot shutdown complete
2026-02-06 00:33:31 | INFO     | ==================================================
2026-02-06 00:33:31 | INFO     | Interactive Bot starting...
2026-02-06 00:33:31 | INFO     | Server: ts2.travian-speed.com
2026-02-06 00:33:31 | INFO     | Username: anonzvader
2026-02-06 00:33:31 | INFO     | Initializing Interactive Bot...
2026-02-06 00:33:37 | INFO     | Browser started
2026-02-06 00:33:37 | INFO     | All components initialized successfully
2026-02-06 00:33:37 | INFO     | Logging in as anonzvader...
2026-02-06 00:34:45 | INFO     | Login successful
2026-02-06 00:39:29 | ERROR    | Error in main menu: HTTPConnectionPool(host='localhost', port=47737): Max retries exceeded with url: /session/e2fe18d3-41e7-45e5-b93f-0c9d80722b2e/url (Caused by NewConnectionError("HTTPConnection(host='localhost', port=47737): Failed to establish a new connection: [Errno 111] Connection refused"))
2026-02-06 00:39:29 | INFO     | Shutting down bot...
2026-02-06 00:39:29 | INFO     | Bot shutdown complete
2026-02-06 00:39:32 | INFO     | ==================================================
2026-02-06 00:39:32 | INFO     | Interactive Bot starting...
2026-02-06 00:39:32 | INFO     | Server: ts2.travian-speed.com
2026-02-06 00:39:32 | INFO     | Username: anonzvader
2026-02-06 00:39:32 | INFO     | Initializing Interactive Bot...
2026-02-06 00:39:38 | INFO     | Browser started
2026-02-06 00:39:38 | INFO     | All components initialized successfully
2026-02-06 00:39:38 | INFO     | Logging in as anonzvader...
2026-02-06 00:41:05 | INFO     | Login successful
2026-02-06 00:41:36 | ERROR    | Error in main menu: Message: Reached error page: about:neterror?e=connectionFailure&u=https%3A//ts2.travian-speed.com/build.php%3Fid%3D19&c=UTF-8&d=Firefox%20can%E2%80%99t%20establish%20a%20connection%20to%20the%20server%20at%20ts2.travian-speed.com.
Stacktrace:
RemoteError@chrome://remote/content/shared/RemoteError.sys.mjs:8:8
WebDriverError@chrome://remote/content/shared/webdriver/Errors.sys.mjs:199:5
UnknownError@chrome://remote/content/shared/webdriver/Errors.sys.mjs:910:5
checkReadyState@chrome://remote/content/marionette/navigate.sys.mjs:58:24
onNavigation@chrome://remote/content/marionette/navigate.sys.mjs:347:39
emit@resource://gre/modules/EventEmitter.sys.mjs:156:19
receiveMessage@chrome://remote/content/marionette/actors/MarionetteEventsParent.sys.mjs:33:25

2026-02-06 00:41:36 | INFO     | Shutting down bot...
2026-02-06 00:41:38 | INFO     | Bot shutdown complete
2026-02-06 00:41:55 | INFO     | ==================================================
2026-02-06 00:41:55 | INFO     | Interactive Bot starting...
2026-02-06 00:41:55 | INFO     | Server: ts2.travian-speed.com
2026-02-06 00:41:55 | INFO     | Username: anonzvader
2026-02-06 00:41:55 | INFO     | Initializing Interactive Bot...
2026-02-06 00:42:01 | INFO     | Browser started
2026-02-06 00:42:01 | INFO     | All components initialized successfully
2026-02-06 00:42:01 | INFO     | Logging in as anonzvader...
2026-02-06 00:43:28 | INFO     | Login successful
2026-02-06 00:48:24 | INFO     | Shutting down bot...
2026-02-06 00:48:24 | INFO     | Bot shutdown complete
2026-02-06 00:48:27 | INFO     | ==================================================
2026-02-06 00:48:27 | INFO     | Interactive Bot starting...
2026-02-06 00:48:27 | INFO     | Server: ts2.travian-speed.com
2026-02-06 00:48:27 | INFO     | Username: anonzvader
2026-02-06 00:48:27 | INFO     | Initializing Interactive Bot...
2026-02-06 00:48:33 | INFO     | Browser started
2026-02-06 00:48:33 | INFO     | All components initialized successfully
2026-02-06 00:48:33 | INFO     | Logging in as anonzvader...
2026-02-06 00:49:58 | INFO     | Login successful
2026-02-06 00:51:17 | INFO     | Shutting down bot...
2026-02-06 00:51:17 | INFO     | Bot shutdown complete
2026-02-06 00:54:09 | INFO     | ==================================================
2026-02-06 00:54:09 | INFO     | Interactive Bot starting...
2026-02-06 00:54:09 | INFO     | Server: ts2.travian-speed.com
2026-02-06 00:54:09 | INFO     | Username: anonzvader
2026-02-06 00:54:09 | INFO     | Initializing Interactive Bot...
2026-02-06 00:54:15 | INFO     | Browser started
2026-02-06 00:54:15 | INFO     | All components initialized successfully
2026-02-06 00:54:15 | INFO     | Logging in as anonzvader...
2026-02-06 00:55:46 | INFO     | Login successful
2026-02-06 00:57:40 | INFO     | Shutting down bot...
2026-02-06 00:57:40 | INFO     | Bot shutdown complete
2026-02-06 01:15:58 | INFO     | ==================================================
2026-02-06 01:15:58 | INFO     | Interactive Bot starting...
2026-02-06 01:15:58 | INFO     | Server: ts2.travian-speed.com
2026-02-06 01:15:58 | INFO     | Username: anonzvader
2026-02-06 01:15:58 | INFO     | Initializing Interactive Bot...
2026-02-06 01:16:04 | INFO     | Browser started
2026-02-06 01:16:04 | INFO     | All components initialized successfully
2026-02-06 01:16:04 | INFO     | Logging in as anonzvader...
2026-02-06 01:17:33 | INFO     | Login successful
2026-02-06 01:28:43 | ERROR    | Error in main menu: HTTPConnectionPool(host='localhost', port=47129): Max retries exceeded with url: /session/0012ea4b-ef1f-4ea1-83de-49ec2f1812a9/url (Caused by NewConnectionError("HTTPConnection(host='localhost', port=47129): Failed to establish a new connection: [Errno 111] Connection refused"))
2026-02-06 01:28:43 | INFO     | Shutting down bot...
2026-02-06 01:28:43 | INFO     | Bot shutdown complete
2026-02-06 01:28:45 | INFO     | ==================================================
2026-02-06 01:28:45 | INFO     | Interactive Bot starting...
2026-02-06 01:28:45 | INFO     | Server: ts2.travian-speed.com
2026-02-06 01:28:45 | INFO     | Username: anonzvader
2026-02-06 01:28:45 | INFO     | Initializing Interactive Bot...
2026-02-06 01:28:51 | INFO     | Browser started
2026-02-06 01:28:51 | INFO     | All components initialized successfully
2026-02-06 01:28:51 | INFO     | Logging in as anonzvader...
2026-02-06 01:30:19 | INFO     | Login successful
2026-02-06 01:54:45 | INFO     | Shutting down bot...
2026-02-06 01:54:45 | INFO     | Bot shutdown complete
2026-02-06 01:54:47 | INFO     | ==================================================
2026-02-06 01:54:47 | INFO     | Interactive Bot starting...
2026-02-06 01:54:47 | INFO     | Server: ts2.travian-speed.com
2026-02-06 01:54:47 | INFO     | Username: anonzvader
2026-02-06 01:54:47 | INFO     | Initializing Interactive Bot...
2026-02-06 01:54:51 | INFO     | Browser started
2026-02-06 01:54:52 | INFO     | All components initialized successfully
2026-02-06 01:54:52 | INFO     | Logging in as anonzvader...
2026-02-06 01:56:17 | INFO     | Login successful
2026-02-06 01:57:00 | INFO     | ==================================================
2026-02-06 01:57:00 | INFO     | Interactive Bot starting...
2026-02-06 01:57:00 | INFO     | Server: ts2.travian-speed.com
2026-02-06 01:57:00 | INFO     | Username: anonzvader
2026-02-06 01:57:00 | INFO     | Initializing Interactive Bot...
2026-02-06 01:57:04 | INFO     | Browser started
2026-02-06 01:57:05 | INFO     | All components initialized successfully
2026-02-06 01:57:05 | INFO     | Logging in as anonzvader...
2026-02-06 01:58:13 | INFO     | Login successful
2026-02-06 03:09:57 | ERROR    | Error in main menu: HTTPConnectionPool(host='localhost', port=46953): Read timed out. (read timeout=120)
2026-02-06 03:09:57 | INFO     | Shutting down bot...
2026-02-06 03:12:59 | INFO     | Bot shutdown complete
2026-02-06 13:13:29 | INFO     | ==================================================
2026-02-06 13:13:29 | INFO     | Interactive Bot starting...
2026-02-06 13:13:29 | INFO     | Server: ts2.travian-speed.com
2026-02-06 13:13:29 | INFO     | Username: anonzvader
2026-02-06 13:13:29 | INFO     | Initializing Interactive Bot...
2026-02-06 13:13:36 | INFO     | Browser started
2026-02-06 13:13:37 | INFO     | All components initialized successfully
2026-02-06 13:13:37 | INFO     | Logging in as anonzvader...
2026-02-06 13:14:40 | INFO     | Login successful
2026-02-06 14:23:18 | ERROR    | Error in main menu: HTTPConnectionPool(host='localhost', port=44707): Read timed out. (read timeout=120)
2026-02-06 14:23:18 | INFO     | Shutting down bot...
2026-02-06 14:26:21 | INFO     | Bot shutdown complete
2026-02-06 20:11:40 | INFO     | ==================================================
2026-02-06 20:11:40 | INFO     | Interactive Bot starting...
2026-02-06 20:11:40 | INFO     | Server: ts2.travian-speed.com
2026-02-06 20:11:40 | INFO     | Username: anonzvader
2026-02-06 20:11:40 | INFO     | Initializing Interactive Bot...
2026-02-06 20:11:50 | INFO     | Browser started
2026-02-06 20:11:51 | INFO     | All components initialized successfully
2026-02-06 20:11:51 | INFO     | Logging in as anonzvader...
2026-02-06 20:13:36 | INFO     | Login successful
2026-02-06 20:20:40 | ERROR    | Error in main menu: HTTPConnectionPool(host='localhost', port=59410): Read timed out. (read timeout=120)
2026-02-06 20:20:40 | INFO     | Shutting down bot...
2026-02-06 20:22:38 | INFO     | ==================================================
2026-02-06 20:22:38 | INFO     | Interactive Bot starting...
2026-02-06 20:22:38 | INFO     | Server: ts2.travian-speed.com
2026-02-06 20:22:38 | INFO     | Username: anonzvader
2026-02-06 20:22:38 | INFO     | Initializing Interactive Bot...
2026-02-06 20:22:44 | INFO     | Browser started
2026-02-06 20:22:44 | INFO     | All components initialized successfully
2026-02-06 20:22:44 | INFO     | Logging in as anonzvader...
2026-02-06 20:24:25 | INFO     | Login successful
2026-02-06 22:37:38 | INFO     | Multi-village training: 213695 barracks + 0 stable in 7 cycles
2026-02-06 22:37:38 | INFO     | Shutting down bot...
2026-02-06 22:37:38 | INFO     | Bot shutdown complete
