2026-02-07 22:27:10 | INFO     | ==================================================
2026-02-07 22:27:10 | INFO     | Interactive Bot starting...
2026-02-07 22:27:10 | INFO     | Server: ts1.travian-speed.com
2026-02-07 22:27:10 | INFO     | Username: anonyvader
2026-02-07 22:27:10 | INFO     | Initializing Interactive Bot...
2026-02-07 22:27:18 | INFO     | Browser started
2026-02-07 22:27:19 | INFO     | All components initialized successfully
2026-02-07 22:27:19 | INFO     | Logging in as anonyvader...
2026-02-07 22:27:36 | INFO     | Login successful
2026-02-07 22:33:24 | INFO     | Shutting down bot...
2026-02-07 22:33:24 | INFO     | Bot shutdown complete
2026-02-07 22:33:26 | INFO     | ==================================================
2026-02-07 22:33:26 | INFO     | Interactive Bot starting...
2026-02-07 22:33:26 | INFO     | Server: ts1.travian-speed.com
2026-02-07 22:33:26 | INFO     | Username: anonyvader
2026-02-07 22:33:26 | INFO     | Initializing Interactive Bot...
2026-02-07 22:33:33 | INFO     | Browser started
2026-02-07 22:33:34 | INFO     | All components initialized successfully
2026-02-07 22:33:34 | INFO     | Logging in as anonyvader...
2026-02-07 22:33:51 | INFO     | Login successful
2026-02-07 22:37:52 | INFO     | Shutting down bot...
2026-02-07 22:37:52 | INFO     | Bot shutdown complete
2026-02-07 22:37:55 | INFO     | ==================================================
2026-02-07 22:37:55 | INFO     | Interactive Bot starting...
2026-02-07 22:37:55 | INFO     | Server: ts1.travian-speed.com
2026-02-07 22:37:55 | INFO     | Username: anonyvader
2026-02-07 22:37:55 | INFO     | Initializing Interactive Bot...
2026-02-07 22:38:05 | INFO     | Browser started
2026-02-07 22:38:05 | INFO     | All components initialized successfully
2026-02-07 22:38:05 | INFO     | Logging in as anonyvader...
2026-02-07 22:38:21 | INFO     | Login successful
