2026-02-03 00:00:25 | INFO     | ==================================================
2026-02-03 00:00:25 | INFO     | Interactive Bot starting...
2026-02-03 00:00:25 | INFO     | Server: ts2.travian-speed.com
2026-02-03 00:00:25 | INFO     | Username: anonzvader
2026-02-03 00:00:25 | INFO     | Initializing Interactive Bot...
2026-02-03 00:00:31 | INFO     | Browser started
2026-02-03 00:00:31 | INFO     | All components initialized successfully
2026-02-03 00:00:31 | INFO     | Logging in as anonzvader...
2026-02-03 00:01:07 | INFO     | Login successful
2026-02-03 00:03:52 | INFO     | ==================================================
2026-02-03 00:03:52 | INFO     | Interactive Bot starting...
2026-02-03 00:03:52 | INFO     | Server: ts2.travian-speed.com
2026-02-03 00:03:52 | INFO     | Username: anonzvader
2026-02-03 00:03:52 | INFO     | Initializing Interactive Bot...
2026-02-03 00:03:57 | INFO     | Browser started
2026-02-03 00:03:57 | INFO     | All components initialized successfully
2026-02-03 00:03:57 | INFO     | Logging in as anonzvader...
2026-02-03 00:04:02 | ERROR    | Error in main menu: Message: Failed to decode response from marionette

2026-02-03 00:04:02 | INFO     | Shutting down bot...
2026-02-03 00:04:02 | INFO     | Bot shutdown complete
2026-02-03 00:04:05 | INFO     | ==================================================
2026-02-03 00:04:05 | INFO     | Interactive Bot starting...
2026-02-03 00:04:05 | INFO     | Server: ts2.travian-speed.com
2026-02-03 00:04:05 | INFO     | Username: anonzvader
2026-02-03 00:04:05 | INFO     | Initializing Interactive Bot...
2026-02-03 00:04:09 | INFO     | Browser started
2026-02-03 00:04:09 | INFO     | All components initialized successfully
2026-02-03 00:04:09 | INFO     | Logging in as anonzvader...
2026-02-03 00:04:16 | INFO     | Login successful
2026-02-03 00:04:24 | INFO     | Login successful
2026-02-03 00:10:52 | INFO     | Village building upgrade completed: 34 upgrades
2026-02-03 00:11:54 | INFO     | Auto-upgrade completed: 36 upgrades
2026-02-03 00:13:23 | INFO     | Village building upgrade completed: 0 upgrades
2026-02-03 00:18:36 | INFO     | Village building upgrade completed: 231 upgrades
2026-02-03 00:21:51 | INFO     | ==================================================
2026-02-03 00:21:51 | INFO     | Interactive Bot starting...
2026-02-03 00:21:51 | INFO     | Server: ts2.travian-speed.com
2026-02-03 00:21:51 | INFO     | Username: anonzvader
2026-02-03 00:21:51 | INFO     | Initializing Interactive Bot...
2026-02-03 00:21:56 | INFO     | Browser started
2026-02-03 00:21:56 | INFO     | All components initialized successfully
2026-02-03 00:21:56 | INFO     | Logging in as anonzvader...
2026-02-03 00:22:11 | INFO     | Login successful
2026-02-03 00:27:33 | INFO     | ==================================================
2026-02-03 00:27:33 | INFO     | Interactive Bot starting...
2026-02-03 00:27:33 | INFO     | Server: ts2.travian-speed.com
2026-02-03 00:27:33 | INFO     | Username: anonzvader
2026-02-03 00:27:33 | INFO     | Initializing Interactive Bot...
2026-02-03 00:27:40 | INFO     | Browser started
2026-02-03 00:27:41 | INFO     | All components initialized successfully
2026-02-03 00:27:41 | INFO     | Logging in as anonzvader...
2026-02-03 00:28:08 | INFO     | Login successful
2026-02-03 00:36:36 | INFO     | Auto-upgrade completed: 135 upgrades
2026-02-03 00:36:39 | INFO     | Auto-train completed: 169646 Troop (t3) in 26 rounds
2026-02-03 00:36:44 | INFO     | Auto-upgrade completed: 173 upgrades
2026-02-03 00:38:11 | INFO     | Auto-upgrade completed: 180 upgrades
2026-02-03 00:41:42 | INFO     | Auto-upgrade completed: 8 upgrades
2026-02-03 00:42:12 | INFO     | Auto-upgrade completed: 0 upgrades
2026-02-03 00:46:45 | INFO     | Auto-upgrade completed: 8 upgrades
2026-02-03 00:48:21 | INFO     | Auto-train completed: 122265 Troop (t3) in 11 rounds
2026-02-03 01:01:10 | INFO     | Auto-upgrade completed: 0 upgrades
2026-02-03 01:01:18 | INFO     | Auto-upgrade completed: 0 upgrades
2026-02-03 01:02:31 | INFO     | Auto-upgrade completed: 9 upgrades
2026-02-03 01:09:33 | INFO     | Auto-train completed: 654583 Troop (t3) in 27 rounds
2026-02-03 01:09:34 | INFO     | Shutting down bot...
2026-02-03 01:09:34 | INFO     | Bot shutdown complete
2026-02-03 01:09:40 | INFO     | Shutting down bot...
2026-02-03 01:09:40 | INFO     | Bot shutdown complete
2026-02-03 01:09:42 | INFO     | Shutting down bot...
2026-02-03 01:09:42 | INFO     | Bot shutdown complete
2026-02-03 01:09:46 | INFO     | Shutting down bot...
2026-02-03 01:09:46 | INFO     | Bot shutdown complete
2026-02-03 01:09:52 | INFO     | ==================================================
2026-02-03 01:09:52 | INFO     | Interactive Bot starting...
2026-02-03 01:09:52 | INFO     | Server: ts2.travian-speed.com
2026-02-03 01:09:52 | INFO     | Username: anonzvader
2026-02-03 01:09:52 | INFO     | Initializing Interactive Bot...
2026-02-03 01:09:57 | INFO     | Browser started
2026-02-03 01:09:58 | INFO     | All components initialized successfully
2026-02-03 01:09:58 | INFO     | Logging in as anonzvader...
2026-02-03 01:10:18 | INFO     | Login successful
2026-02-03 01:14:17 | INFO     | Auto-farm completed: 0 raids in 2 cycles
2026-02-03 01:15:36 | INFO     | ==================================================
2026-02-03 01:15:36 | INFO     | Interactive Bot starting...
2026-02-03 01:15:36 | INFO     | Server: ts2.travian-speed.com
2026-02-03 01:15:36 | INFO     | Username: anonzvader
2026-02-03 01:15:36 | INFO     | Initializing Interactive Bot...
2026-02-03 01:15:38 | INFO     | ==================================================
2026-02-03 01:15:38 | INFO     | Interactive Bot starting...
2026-02-03 01:15:38 | INFO     | Server: ts2.travian-speed.com
2026-02-03 01:15:38 | INFO     | Username: anonzvader
2026-02-03 01:15:38 | INFO     | Initializing Interactive Bot...
2026-02-03 01:15:41 | INFO     | Browser started
2026-02-03 01:15:41 | INFO     | All components initialized successfully
2026-02-03 01:15:41 | INFO     | Logging in as anonzvader...
2026-02-03 01:15:43 | INFO     | Browser started
2026-02-03 01:15:43 | INFO     | All components initialized successfully
2026-02-03 01:15:43 | INFO     | Logging in as anonzvader...
2026-02-03 01:15:59 | INFO     | Login successful
2026-02-03 01:16:00 | INFO     | Login successful
2026-02-03 01:20:00 | INFO     | Auto-farm completed: 11 raids in 11 cycles
2026-02-03 01:21:26 | INFO     | Auto-farm completed: 6 raids in 2 cycles
2026-02-03 01:22:47 | ERROR    | Error in main menu: Message: Reached error page: about:neterror?e=connectionFailure&u=https%3A//ts2.travian-speed.com/build.php%3Fid%3D8&c=UTF-8&d=Firefox%20can%E2%80%99t%20establish%20a%20connection%20to%20the%20server%20at%20ts2.travian-speed.com.
Stacktrace:
RemoteError@chrome://remote/content/shared/RemoteError.sys.mjs:8:8
WebDriverError@chrome://remote/content/shared/webdriver/Errors.sys.mjs:199:5
UnknownError@chrome://remote/content/shared/webdriver/Errors.sys.mjs:910:5
checkReadyState@chrome://remote/content/marionette/navigate.sys.mjs:58:24
onNavigation@chrome://remote/content/marionette/navigate.sys.mjs:347:39
emit@resource://gre/modules/EventEmitter.sys.mjs:156:19
receiveMessage@chrome://remote/content/marionette/actors/MarionetteEventsParent.sys.mjs:33:25

2026-02-03 01:22:47 | INFO     | Shutting down bot...
2026-02-03 01:22:50 | INFO     | Bot shutdown complete
2026-02-03 01:24:28 | INFO     | Auto-farm completed: 9 raids in 3 cycles
2026-02-03 01:31:16 | INFO     | Shutting down bot...
2026-02-03 01:31:16 | INFO     | Bot shutdown complete
2026-02-03 01:31:18 | INFO     | ==================================================
2026-02-03 01:31:18 | INFO     | Interactive Bot starting...
2026-02-03 01:31:18 | INFO     | Server: ts2.travian-speed.com
2026-02-03 01:31:18 | INFO     | Username: anonzvader
2026-02-03 01:31:18 | INFO     | Initializing Interactive Bot...
2026-02-03 01:31:23 | INFO     | Browser started
2026-02-03 01:31:23 | INFO     | All components initialized successfully
2026-02-03 01:31:23 | INFO     | Logging in as anonzvader...
2026-02-03 01:31:38 | INFO     | Login successful
2026-02-03 01:37:06 | INFO     | ==================================================
2026-02-03 01:37:06 | INFO     | Interactive Bot starting...
2026-02-03 01:37:06 | INFO     | Server: ts2.travian-speed.com
2026-02-03 01:37:06 | INFO     | Username: anonzvader
2026-02-03 01:37:06 | INFO     | Initializing Interactive Bot...
2026-02-03 01:37:08 | INFO     | ==================================================
2026-02-03 01:37:08 | INFO     | Interactive Bot starting...
2026-02-03 01:37:08 | INFO     | Server: ts2.travian-speed.com
2026-02-03 01:37:08 | INFO     | Username: anonzvader
2026-02-03 01:37:08 | INFO     | Initializing Interactive Bot...
2026-02-03 01:37:11 | INFO     | Browser started
2026-02-03 01:37:12 | INFO     | All components initialized successfully
2026-02-03 01:37:12 | INFO     | Logging in as anonzvader...
2026-02-03 01:37:15 | INFO     | Browser started
2026-02-03 01:37:15 | INFO     | All components initialized successfully
2026-02-03 01:37:15 | INFO     | Logging in as anonzvader...
2026-02-03 01:37:15 | INFO     | Shutting down bot...
2026-02-03 01:37:15 | INFO     | Bot shutdown complete
2026-02-03 01:37:17 | INFO     | ==================================================
2026-02-03 01:37:17 | INFO     | Interactive Bot starting...
2026-02-03 01:37:17 | INFO     | Server: ts2.travian-speed.com
2026-02-03 01:37:17 | INFO     | Username: anonzvader
2026-02-03 01:37:17 | INFO     | Initializing Interactive Bot...
2026-02-03 01:37:23 | INFO     | Browser started
2026-02-03 01:37:23 | INFO     | All components initialized successfully
2026-02-03 01:37:23 | INFO     | Logging in as anonzvader...
2026-02-03 01:37:30 | INFO     | Login successful
2026-02-03 01:37:34 | INFO     | Login successful
2026-02-03 01:38:36 | INFO     | Login successful
2026-02-03 01:58:16 | INFO     | Shutting down bot...
2026-02-03 01:58:16 | INFO     | Bot shutdown complete
2026-02-03 01:58:18 | INFO     | Shutting down bot...
2026-02-03 01:58:18 | INFO     | Bot shutdown complete
2026-02-03 01:58:22 | INFO     | Auto-farm completed: 0 raids in 3 cycles
2026-02-03 01:58:23 | INFO     | Shutting down bot...
2026-02-03 01:58:23 | INFO     | Bot shutdown complete
2026-02-03 01:58:25 | INFO     | Auto-upgrade completed: 19 upgrades
2026-02-03 01:58:25 | INFO     | Shutting down bot...
2026-02-03 01:58:25 | INFO     | Bot shutdown complete
2026-02-03 01:58:29 | INFO     | ==================================================
2026-02-03 01:58:29 | INFO     | Interactive Bot starting...
2026-02-03 01:58:29 | INFO     | Server: ts2.travian-speed.com
2026-02-03 01:58:29 | INFO     | Username: anonzvader
2026-02-03 01:58:29 | INFO     | Initializing Interactive Bot...
2026-02-03 01:58:34 | INFO     | Browser started
2026-02-03 01:58:34 | INFO     | All components initialized successfully
2026-02-03 01:58:34 | INFO     | Logging in as anonzvader...
2026-02-03 01:58:55 | INFO     | Login successful
2026-02-03 02:02:55 | INFO     | ==================================================
2026-02-03 02:02:55 | INFO     | Interactive Bot starting...
2026-02-03 02:02:55 | INFO     | Server: ts2.travian-speed.com
2026-02-03 02:02:55 | INFO     | Username: anonzvader
2026-02-03 02:02:55 | INFO     | Initializing Interactive Bot...
2026-02-03 02:02:58 | INFO     | ==================================================
2026-02-03 02:02:58 | INFO     | Interactive Bot starting...
2026-02-03 02:02:58 | INFO     | Server: ts2.travian-speed.com
2026-02-03 02:02:58 | INFO     | Username: anonzvader
2026-02-03 02:02:58 | INFO     | Initializing Interactive Bot...
2026-02-03 02:03:00 | INFO     | Browser started
2026-02-03 02:03:00 | INFO     | All components initialized successfully
2026-02-03 02:03:00 | INFO     | Logging in as anonzvader...
2026-02-03 02:03:01 | INFO     | ==================================================
2026-02-03 02:03:01 | INFO     | Interactive Bot starting...
2026-02-03 02:03:01 | INFO     | Server: ts2.travian-speed.com
2026-02-03 02:03:01 | INFO     | Username: anonzvader
2026-02-03 02:03:01 | INFO     | Initializing Interactive Bot...
2026-02-03 02:03:05 | INFO     | Browser started
2026-02-03 02:03:06 | INFO     | All components initialized successfully
2026-02-03 02:03:06 | INFO     | Logging in as anonzvader...
2026-02-03 02:03:09 | INFO     | Browser started
2026-02-03 02:03:09 | INFO     | All components initialized successfully
2026-02-03 02:03:09 | INFO     | Logging in as anonzvader...
2026-02-03 02:03:10 | INFO     | Auto-farm completed: 12 raids in 1 cycles
2026-02-03 02:03:16 | INFO     | Login successful
2026-02-03 02:04:39 | INFO     | Login successful
2026-02-03 02:05:01 | INFO     | Login successful
2026-02-03 02:16:39 | INFO     | Auto-farm completed: 119 raids in 7 cycles
2026-02-03 02:24:18 | INFO     | Village building upgrade completed: 210 upgrades
2026-02-03 02:24:20 | INFO     | Village building upgrade completed: 212 upgrades
2026-02-03 02:32:58 | INFO     | ==================================================
2026-02-03 02:32:58 | INFO     | Interactive Bot starting...
2026-02-03 02:32:58 | INFO     | Server: ts2.travian-speed.com
2026-02-03 02:32:58 | INFO     | Username: anonzvader
2026-02-03 02:32:58 | INFO     | Initializing Interactive Bot...
2026-02-03 02:33:02 | INFO     | ==================================================
2026-02-03 02:33:02 | INFO     | Interactive Bot starting...
2026-02-03 02:33:02 | INFO     | Server: ts2.travian-speed.com
2026-02-03 02:33:02 | INFO     | Username: anonzvader
2026-02-03 02:33:02 | INFO     | Initializing Interactive Bot...
2026-02-03 02:33:07 | INFO     | ==================================================
2026-02-03 02:33:07 | INFO     | Interactive Bot starting...
2026-02-03 02:33:07 | INFO     | Server: ts2.travian-speed.com
2026-02-03 02:33:07 | INFO     | Username: anonzvader
2026-02-03 02:33:07 | INFO     | Initializing Interactive Bot...
2026-02-03 02:33:22 | INFO     | Browser started
2026-02-03 02:33:23 | INFO     | All components initialized successfully
2026-02-03 02:33:23 | INFO     | Logging in as anonzvader...
2026-02-03 02:33:29 | INFO     | Browser started
2026-02-03 02:33:31 | INFO     | All components initialized successfully
2026-02-03 02:33:31 | INFO     | Logging in as anonzvader...
2026-02-03 02:33:36 | INFO     | Browser started
2026-02-03 02:33:37 | INFO     | All components initialized successfully
2026-02-03 02:33:37 | INFO     | Logging in as anonzvader...
2026-02-03 02:33:59 | INFO     | Login successful
2026-02-03 02:34:06 | INFO     | Login successful
2026-02-03 02:34:06 | INFO     | Login successful
2026-02-03 02:43:41 | INFO     | Village building upgrade completed: 76 upgrades
2026-02-03 02:50:58 | INFO     | Auto-farm completed: 129 raids in 9 cycles
2026-02-03 02:59:54 | INFO     | Auto-upgrade completed: 68 upgrades
2026-02-03 03:03:45 | INFO     | Village building upgrade completed: 156 upgrades
2026-02-03 03:20:43 | ERROR    | Error in main menu: HTTPConnectionPool(host='localhost', port=54644): Max retries exceeded with url: /session/45c05e6b-fbac-4855-954a-b0dcce032fbe/url (Caused by NewConnectionError("HTTPConnection(host='localhost', port=54644): Failed to establish a new connection: [Errno 111] Connection refused"))
2026-02-03 03:20:43 | INFO     | Shutting down bot...
2026-02-03 03:20:43 | INFO     | Bot shutdown complete
2026-02-03 03:20:50 | INFO     | ==================================================
2026-02-03 03:20:50 | INFO     | Interactive Bot starting...
2026-02-03 03:20:50 | INFO     | Server: ts2.travian-speed.com
2026-02-03 03:20:50 | INFO     | Username: anonzvader
2026-02-03 03:20:50 | INFO     | Initializing Interactive Bot...
2026-02-03 03:21:13 | INFO     | Browser started
2026-02-03 03:21:14 | INFO     | All components initialized successfully
2026-02-03 03:21:14 | INFO     | Logging in as anonzvader...
2026-02-03 03:21:39 | INFO     | Login successful
2026-02-03 03:24:24 | INFO     | ==================================================
2026-02-03 03:24:24 | INFO     | Interactive Bot starting...
2026-02-03 03:24:24 | INFO     | Server: ts2.travian-speed.com
2026-02-03 03:24:24 | INFO     | Username: anonzvader
2026-02-03 03:24:24 | INFO     | Initializing Interactive Bot...
2026-02-03 03:24:47 | INFO     | Browser started
2026-02-03 03:24:48 | INFO     | All components initialized successfully
2026-02-03 03:24:48 | INFO     | Logging in as anonzvader...
2026-02-03 03:25:15 | INFO     | Login successful
2026-02-03 03:26:20 | INFO     | Auto-farm completed: 48 raids in 2 cycles
2026-02-03 03:28:09 | INFO     | Auto-train completed: 221182 Troop (t1) in 25 rounds
2026-02-03 03:30:48 | ERROR    | Error in main menu: HTTPConnectionPool(host='localhost', port=54822): Read timed out. (read timeout=120)
2026-02-03 03:30:48 | INFO     | Shutting down bot...
2026-02-03 03:31:12 | INFO     | Bot shutdown complete
2026-02-03 03:31:19 | INFO     | Auto-farm completed: 24 raids in 1 cycles
2026-02-03 03:31:28 | INFO     | Village building upgrade completed: 236 upgrades
2026-02-03 03:31:32 | INFO     | Village building upgrade completed: 232 upgrades
2026-02-03 03:31:35 | INFO     | Village building upgrade completed: 215 upgrades
2026-02-03 03:32:17 | INFO     | ==================================================
2026-02-03 03:32:17 | INFO     | Interactive Bot starting...
2026-02-03 03:32:17 | INFO     | Server: ts2.travian-speed.com
2026-02-03 03:32:17 | INFO     | Username: anonzvader
2026-02-03 03:32:17 | INFO     | Initializing Interactive Bot...
2026-02-03 03:32:28 | INFO     | Browser started
2026-02-03 03:32:28 | INFO     | All components initialized successfully
2026-02-03 03:32:28 | INFO     | Logging in as anonzvader...
2026-02-03 03:32:37 | INFO     | ==================================================
2026-02-03 03:32:37 | INFO     | Interactive Bot starting...
2026-02-03 03:32:37 | INFO     | Server: ts2.travian-speed.com
2026-02-03 03:32:37 | INFO     | Username: anonzvader
2026-02-03 03:32:37 | INFO     | Initializing Interactive Bot...
2026-02-03 03:32:46 | INFO     | Browser started
2026-02-03 03:32:46 | INFO     | All components initialized successfully
2026-02-03 03:32:46 | INFO     | Logging in as anonzvader...
2026-02-03 03:32:49 | INFO     | Login successful
2026-02-03 03:33:07 | INFO     | Login successful
2026-02-03 03:41:14 | INFO     | Village building upgrade completed: 233 upgrades
2026-02-03 03:42:39 | INFO     | Auto-train completed: 40802 Troop (t1) in 81 rounds
2026-02-03 03:42:56 | INFO     | Auto-train completed: 331590 Troop (t1) in 44 rounds
2026-02-03 03:45:57 | INFO     | Auto-train completed: 5222 Troop (t1) in 3 rounds
2026-02-03 04:08:12 | INFO     | Auto-farm completed: 398 raids in 17 cycles
