2026-02-05 19:10:28 | INFO     | ==================================================
2026-02-05 19:10:28 | INFO     | Interactive Bot starting...
2026-02-05 19:10:28 | INFO     | Server: ts2.travian-speed.com
2026-02-05 19:10:28 | INFO     | Username: anonzvader
2026-02-05 19:10:28 | INFO     | Initializing Interactive Bot...
2026-02-05 19:10:36 | INFO     | Browser started
2026-02-05 19:10:36 | INFO     | All components initialized successfully
2026-02-05 19:10:36 | INFO     | Logging in as anonzvader...
2026-02-05 19:19:01 | ERROR    | Login failed
2026-02-05 19:19:01 | INFO     | Shutting down bot...
2026-02-05 19:19:01 | INFO     | Bot shutdown complete
2026-02-05 19:28:29 | INFO     | ==================================================
2026-02-05 19:28:29 | INFO     | Interactive Bot starting...
2026-02-05 19:28:29 | INFO     | Server: ts2.travian-speed.com
2026-02-05 19:28:29 | INFO     | Username: anonzvader
2026-02-05 19:28:29 | INFO     | Initializing Interactive Bot...
2026-02-05 19:28:35 | INFO     | Browser started
2026-02-05 19:28:35 | INFO     | All components initialized successfully
2026-02-05 19:28:35 | INFO     | Logging in as anonzvader...
2026-02-05 19:29:44 | INFO     | Login successful
2026-02-05 19:34:06 | INFO     | Shutting down bot...
2026-02-05 19:34:06 | INFO     | Bot shutdown complete
2026-02-05 19:34:09 | INFO     | ==================================================
2026-02-05 19:34:09 | INFO     | Interactive Bot starting...
2026-02-05 19:34:09 | INFO     | Server: ts2.travian-speed.com
2026-02-05 19:34:09 | INFO     | Username: anonzvader
2026-02-05 19:34:09 | INFO     | Initializing Interactive Bot...
2026-02-05 19:34:14 | INFO     | Browser started
2026-02-05 19:34:15 | INFO     | All components initialized successfully
2026-02-05 19:34:15 | INFO     | Logging in as anonzvader...
2026-02-05 19:35:06 | INFO     | Login successful
2026-02-05 19:44:27 | INFO     | Shutting down bot...
2026-02-05 19:44:27 | INFO     | Bot shutdown complete
2026-02-05 19:44:29 | INFO     | ==================================================
2026-02-05 19:44:29 | INFO     | Interactive Bot starting...
2026-02-05 19:44:29 | INFO     | Server: ts2.travian-speed.com
2026-02-05 19:44:29 | INFO     | Username: anonzvader
2026-02-05 19:44:29 | INFO     | Initializing Interactive Bot...
2026-02-05 19:44:35 | INFO     | Browser started
2026-02-05 19:44:35 | INFO     | All components initialized successfully
2026-02-05 19:44:35 | INFO     | Logging in as anonzvader...
2026-02-05 19:45:25 | INFO     | Login successful
2026-02-05 19:53:23 | INFO     | Shutting down bot...
2026-02-05 19:53:23 | INFO     | Bot shutdown complete
2026-02-05 19:53:31 | INFO     | ==================================================
2026-02-05 19:53:31 | INFO     | Interactive Bot starting...
2026-02-05 19:53:31 | INFO     | Server: ts2.travian-speed.com
2026-02-05 19:53:31 | INFO     | Username: anonzvader
2026-02-05 19:53:31 | INFO     | Initializing Interactive Bot...
2026-02-05 19:53:37 | INFO     | Browser started
2026-02-05 19:53:37 | INFO     | All components initialized successfully
2026-02-05 19:53:37 | INFO     | Logging in as anonzvader...
2026-02-05 19:55:05 | INFO     | Login successful
2026-02-05 20:21:07 | INFO     | Shutting down bot...
2026-02-05 20:21:07 | INFO     | Bot shutdown complete
2026-02-05 20:21:10 | INFO     | ==================================================
2026-02-05 20:21:10 | INFO     | Interactive Bot starting...
2026-02-05 20:21:10 | INFO     | Server: ts2.travian-speed.com
2026-02-05 20:21:10 | INFO     | Username: anonzvader
2026-02-05 20:21:10 | INFO     | Initializing Interactive Bot...
2026-02-05 20:21:14 | INFO     | Browser started
2026-02-05 20:21:15 | INFO     | All components initialized successfully
2026-02-05 20:21:15 | INFO     | Logging in as anonzvader...
2026-02-05 20:22:42 | INFO     | Login successful
2026-02-05 20:28:44 | ERROR    | Error in main menu: HTTPConnectionPool(host='localhost', port=46663): Max retries exceeded with url: /session/aeb9e880-89e2-4abb-8e50-7f1569e39937/elements (Caused by NewConnectionError("HTTPConnection(host='localhost', port=46663): Failed to establish a new connection: [Errno 111] Connection refused"))
2026-02-05 20:28:44 | INFO     | Shutting down bot...
2026-02-05 20:28:44 | INFO     | Bot shutdown complete
2026-02-05 20:33:28 | INFO     | ==================================================
2026-02-05 20:33:28 | INFO     | Interactive Bot starting...
2026-02-05 20:33:28 | INFO     | Server: ts2.travian-speed.com
2026-02-05 20:33:28 | INFO     | Username: anonzvader
2026-02-05 20:33:28 | INFO     | Initializing Interactive Bot...
2026-02-05 20:33:33 | INFO     | Browser started
2026-02-05 20:33:33 | INFO     | All components initialized successfully
2026-02-05 20:33:33 | INFO     | Logging in as anonzvader...
2026-02-05 20:34:42 | INFO     | Login successful
2026-02-06 00:23:59 | INFO     | Shutting down bot...
2026-02-06 00:23:59 | INFO     | Bot shutdown complete
